2020-9-4 15:10:16[Yum 能耗监控] 注意! 插件 ProtocolLib 处理 PlayerLoginEvent 事件 耗时 50ms 平均耗时 50ms!
2020-9-4 15:10:20[Yum 能耗监控] 注意! 插件 NeverLag 处理 PlayerJoinEvent 事件 耗时 46ms 平均耗时 46ms!
2020-9-4 15:10:20[Yum 能耗监控] 注意! 插件 Essentials 处理 PlayerTeleportEvent 事件 耗时 25ms 平均耗时 25ms!
2020-9-4 16:44:44[Yum 能耗监控] 注意! 插件 ProtocolLib 处理 PlayerLoginEvent 事件 耗时 49ms 平均耗时 49ms!
2020-9-4 16:44:48[Yum 能耗监控] 注意! 插件 NeverLag 处理 PlayerJoinEvent 事件 耗时 38ms 平均耗时 38ms!
2020-9-4 16:44:48[Yum 能耗监控] 注意! 插件 CoreProtect 处理 PlayerJoinEvent 事件 耗时 38ms 平均耗时 38ms!
2020-9-4 16:44:48[Yum 能耗监控] 注意! 插件 Essentials 处理 PlayerTeleportEvent 事件 耗时 26ms 平均耗时 26ms!
2021-5-23 16:18:47[Yum 能耗监控] 注意! 插件 ProtocolLib 处理 PlayerLoginEvent 事件 耗时 52ms 平均耗时 52ms!
2021-5-23 16:18:52[Yum 能耗监控] 注意! 插件 NeverLag 处理 PlayerJoinEvent 事件 耗时 30ms 平均耗时 30ms!
2021-5-23 16:18:52[Yum 能耗监控] 注意! 插件 CoreProtect 处理 PlayerJoinEvent 事件 耗时 49ms 平均耗时 49ms!
2021-5-23 16:18:52[Yum 能耗监控] 注意! 插件 Essentials 处理 PlayerTeleportEvent 事件 耗时 23ms 平均耗时 23ms!
2021-5-23 16:44:22[Yum 能耗监控] 注意! 插件 ProtocolLib 处理 PlayerLoginEvent 事件 耗时 46ms 平均耗时 46ms!
2021-5-23 16:44:28[Yum 能耗监控] 注意! 插件 NeverLag 处理 PlayerJoinEvent 事件 耗时 35ms 平均耗时 35ms!
2021-5-23 16:44:28[Yum 能耗监控] 注意! 插件 CoreProtect 处理 PlayerJoinEvent 事件 耗时 35ms 平均耗时 35ms!
2021-5-23 16:44:28[Yum 能耗监控] 注意! 插件 Essentials 处理 PlayerTeleportEvent 事件 耗时 27ms 平均耗时 27ms!
2021-5-23 17:28:02[Yum 能耗监控] 注意! 插件 ProtocolLib 处理 PlayerLoginEvent 事件 耗时 36ms 平均耗时 36ms!
2021-5-23 18:14:59[Yum 能耗监控] 注意! 插件 ProtocolLib 处理 PlayerLoginEvent 事件 耗时 39ms 平均耗时 39ms!
2021-5-23 18:17:24[Yum 能耗监控] 注意! 插件 Essentials 处理 PlayerTeleportEvent 事件 耗时 25ms 平均耗时 25ms!
2021-5-23 18:31:29[Yum 能耗监控] 注意! 插件 ProtocolLib 处理 PlayerLoginEvent 事件 耗时 42ms 平均耗时 42ms!
2021-5-23 18:31:35[Yum 能耗监控] 注意! 插件 Essentials 处理 PlayerTeleportEvent 事件 耗时 26ms 平均耗时 26ms!
May 23, 2021 8:50:42 PM[Yum 能耗监控] 注意! 插件 CoreProtect 处理 BlockFromToEvent 事件 耗时 156ms 平均耗时 52ms!
May 23, 2021 8:51:04 PM[Yum 能耗监控] 注意! 插件 ProtocolLib 处理 PlayerLoginEvent 事件 耗时 271ms 平均耗时 271ms!
May 23, 2021 8:51:11 PM[Yum 能耗监控] 注意! 插件 NeverLag 处理 PlayerJoinEvent 事件 耗时 22ms 平均耗时 22ms!
May 23, 2021 8:51:12 PM[Yum 能耗监控] 注意! 插件 Essentials 处理 PlayerTeleportEvent 事件 耗时 110ms 平均耗时 110ms!
May 23, 2021 10:17:02 PM[Yum 能耗监控] 注意! 插件 CoreProtect 处理 BlockFromToEvent 事件 耗时 173ms 平均耗时 173ms!
May 23, 2021 10:17:31 PM[Yum 能耗监控] 注意! 插件 ProtocolLib 处理 PlayerLoginEvent 事件 耗时 224ms 平均耗时 224ms!
May 23, 2021 10:17:37 PM[Yum 能耗监控] 注意! 插件 NeverLag 处理 PlayerJoinEvent 事件 耗时 37ms 平均耗时 37ms!
May 23, 2021 10:17:37 PM[Yum 能耗监控] 注意! 插件 ProtocolLib 处理 PlayerJoinEvent 事件 耗时 21ms 平均耗时 21ms!
May 23, 2021 10:17:38 PM[Yum 能耗监控] 注意! 插件 Essentials 处理 PlayerTeleportEvent 事件 耗时 173ms 平均耗时 173ms!
May 23, 2021 10:21:48 PM[Yum 能耗监控] 注意! 插件 CoreProtect 处理 EntityDeathEvent 事件 耗时 23ms 平均耗时 23ms!
May 23, 2021 11:42:56 PM[Yum 能耗监控] 注意! 玩家 Pleiades 执行 Essentials 插件 gc  命令 耗时 23ms 平均耗时 23ms!
May 24, 2021 12:16:58 AM[Yum 能耗监控] 注意! 插件 Essentials 处理 PlayerQuitEvent 事件 耗时 31ms 平均耗时 31ms!
May 24, 2021 12:16:58 AM[Yum 能耗监控] 注意! 插件 ProtocolLib 处理 PlayerQuitEvent 事件 耗时 24ms 平均耗时 24ms!
May 24, 2021 10:25:15 AM[Yum 能耗监控] 注意! 插件 CoreProtect 处理 BlockFromToEvent 事件 耗时 138ms 平均耗时 138ms!
May 24, 2021 10:27:43 AM[Yum 能耗监控] 注意! 玩家 CONSOLE 执行 LuckPerms 插件 lp  命令 耗时 57ms 平均耗时 57ms!
May 24, 2021 1:22:31 PM[Yum 能耗监控] 注意! 插件 ProtocolLib 处理 PlayerLoginEvent 事件 耗时 393ms 平均耗时 393ms!
May 24, 2021 1:22:38 PM[Yum 能耗监控] 注意! 插件 Multiverse-Core 处理 PlayerJoinEvent 事件 耗时 43ms 平均耗时 43ms!
May 24, 2021 1:22:38 PM[Yum 能耗监控] 注意! 插件 EssentialsSpawn 处理 PlayerJoinEvent 事件 耗时 22ms 平均耗时 22ms!
May 24, 2021 1:22:39 PM[Yum 能耗监控] 注意! 插件 Essentials 处理 PlayerTeleportEvent 事件 耗时 166ms 平均耗时 166ms!
May 24, 2021 2:50:16 PM[Yum 能耗监控] 注意! 玩家 CONSOLE 执行 Yum 插件 yum load luckperms 命令 耗时 3121ms 平均耗时 446ms!
May 24, 2021 3:05:22 PM[Yum 能耗监控] 注意! 玩家 CONSOLE 执行 Yum 插件 yum reload LuckPerms 命令 耗时 8156ms 平均耗时 1364ms!
May 24, 2021 3:06:29 PM[Yum 能耗监控] 注意! 玩家 CONSOLE 执行 Yum 插件 yum unload LuckPerms 命令 耗时 4823ms 平均耗时 1445ms!
May 24, 2021 3:06:38 PM[Yum 能耗监控] 注意! 插件 Yum 处理 PluginDisableEvent 事件 耗时 119ms 平均耗时 63ms!
May 24, 2021 3:06:43 PM[Yum 能耗监控] 注意! 玩家 CONSOLE 执行 Yum 插件 yum unload Essentials 命令 耗时 5222ms 平均耗时 1657ms!
May 24, 2021 3:06:53 PM[Yum 能耗监控] 注意! 玩家 CONSOLE 执行 Yum 插件 yum unload EssentialsChat 命令 耗时 2923ms 平均耗时 1511ms!
May 24, 2021 3:07:02 PM[Yum 能耗监控] 注意! 玩家 CONSOLE 执行 Yum 插件 yum unload EssentialsSpawn 命令 耗时 2972ms 平均耗时 1508ms!
May 24, 2021 3:07:29 PM[Yum 能耗监控] 注意! 插件 ProtocolLib 处理 PlayerLoginEvent 事件 耗时 397ms 平均耗时 397ms!
May 24, 2021 3:07:36 PM[Yum 能耗监控] 注意! 插件 Multiverse-Core 处理 PlayerJoinEvent 事件 耗时 42ms 平均耗时 42ms!
May 24, 2021 3:07:36 PM[Yum 能耗监控] 注意! 插件 ProtocolLib 处理 PlayerJoinEvent 事件 耗时 22ms 平均耗时 22ms!
May 24, 2021 3:08:13 PM[Yum 能耗监控] 注意! 玩家 CONSOLE 执行 Yum 插件 yum load EssentialsX 命令 耗时 89ms 平均耗时 1274ms!
May 24, 2021 3:08:22 PM[Yum 能耗监控] 注意! 玩家 CONSOLE 执行 Yum 插件 yum load EssentialX 命令 耗时 77ms 平均耗时 1214ms!
May 24, 2021 3:08:39 PM[Yum 能耗监控] 注意! 玩家 CONSOLE 执行 Yum 插件 yum load EssentialsX-2.15.0.1 命令 耗时 1943ms 平均耗时 1249ms!
May 24, 2021 3:08:46 PM[Yum 能耗监控] 注意! 插件 Essentials 处理 PlayerCommandPreprocessEvent 事件 耗时 127ms 平均耗时 127ms!
May 24, 2021 3:26:58 PM[Yum 能耗监控] 注意! 玩家 CONSOLE 执行 Yum 插件 yum unload LuckPerms 命令 耗时 7011ms 平均耗时 1761ms!
May 24, 2021 3:27:26 PM[Yum 能耗监控] 注意! 玩家 CONSOLE 执行 Yum 插件 yum load GroupManager+ 命令 耗时 118ms 平均耗时 1432ms!
May 24, 2021 3:27:32 PM[Yum 能耗监控] 注意! 玩家 CONSOLE 执行 Yum 插件 yum load GroupManager 命令 耗时 926ms 平均耗时 1348ms!
May 24, 2021 3:43:55 PM[Yum 能耗监控] 注意! 玩家 CONSOLE 执行 GroupManager 插件 groupmanager:listgroups  命令 耗时 180ms 平均耗时 180ms!
May 24, 2021 3:46:10 PM[Yum 能耗监控] 注意! 插件 ProtocolLib 处理 PlayerLoginEvent 事件 耗时 296ms 平均耗时 296ms!
May 24, 2021 3:46:17 PM[Yum 能耗监控] 注意! 插件 Multiverse-Core 处理 PlayerJoinEvent 事件 耗时 52ms 平均耗时 52ms!
May 24, 2021 3:46:17 PM[Yum 能耗监控] 注意! 插件 Essentials 处理 PlayerTeleportEvent 事件 耗时 108ms 平均耗时 108ms!
May 24, 2021 3:53:15 PM[Yum 能耗监控] 注意! 玩家 CONSOLE 执行 Yum 插件 yum reload GroupManager 命令 耗时 5697ms 平均耗时 1255ms!
May 24, 2021 4:02:34 PM[Yum 能耗监控] 注意! 插件 ProtocolLib 处理 PlayerLoginEvent 事件 耗时 345ms 平均耗时 345ms!
May 24, 2021 4:02:41 PM[Yum 能耗监控] 注意! 插件 GroupManager 处理 PlayerJoinEvent 事件 耗时 273ms 平均耗时 273ms!
May 24, 2021 4:02:41 PM[Yum 能耗监控] 注意! 插件 NeverLag 处理 PlayerJoinEvent 事件 耗时 23ms 平均耗时 23ms!
May 24, 2021 4:02:41 PM[Yum 能耗监控] 注意! 插件 Multiverse-Core 处理 PlayerJoinEvent 事件 耗时 24ms 平均耗时 24ms!
May 24, 2021 4:02:42 PM[Yum 能耗监控] 注意! 插件 Essentials 处理 PlayerTeleportEvent 事件 耗时 132ms 平均耗时 132ms!
May 25, 2021 10:48:45 AM[Yum 能耗监控] 注意! 插件 ProtocolLib 处理 PlayerLoginEvent 事件 耗时 360ms 平均耗时 360ms!
May 25, 2021 10:48:52 AM[Yum 能耗监控] 注意! 插件 GroupManager 处理 PlayerJoinEvent 事件 耗时 127ms 平均耗时 127ms!
May 25, 2021 10:48:52 AM[Yum 能耗监控] 注意! 插件 Essentials 处理 PlayerTeleportEvent 事件 耗时 183ms 平均耗时 183ms!
May 25, 2021 11:05:22 AM[Yum 能耗监控] 注意! 插件 ProtocolLib 处理 PlayerLoginEvent 事件 耗时 368ms 平均耗时 368ms!
May 25, 2021 11:05:28 AM[Yum 能耗监控] 注意! 插件 GroupManager 处理 PlayerJoinEvent 事件 耗时 147ms 平均耗时 147ms!
May 25, 2021 11:05:28 AM[Yum 能耗监控] 注意! 插件 Multiverse-Core 处理 PlayerJoinEvent 事件 耗时 21ms 平均耗时 21ms!
May 25, 2021 11:05:29 AM[Yum 能耗监控] 注意! 插件 Essentials 处理 PlayerTeleportEvent 事件 耗时 152ms 平均耗时 152ms!
May 25, 2021 11:05:52 AM[Yum 能耗监控] 注意! 插件 CoreProtect 处理 PlayerInteractEvent 事件 耗时 27ms 平均耗时 27ms!
May 25, 2021 11:07:23 AM[Yum 能耗监控] 注意! 插件 Essentials 处理 BlockPlaceEvent 事件 耗时 53ms 平均耗时 53ms!
May 25, 2021 9:12:47 PM[Yum 能耗监控] 注意! 插件 CoreProtect 处理 BlockFromToEvent 事件 耗时 139ms 平均耗时 139ms!
May 25, 2021 9:36:05 PM[Yum 能耗监控] 注意! 插件 ProtocolLib 处理 PlayerLoginEvent 事件 耗时 374ms 平均耗时 374ms!
May 25, 2021 9:36:12 PM[Yum 能耗监控] 注意! 插件 GroupManager 处理 PlayerJoinEvent 事件 耗时 123ms 平均耗时 123ms!
May 25, 2021 9:36:13 PM[Yum 能耗监控] 注意! 插件 Essentials 处理 PlayerTeleportEvent 事件 耗时 126ms 平均耗时 126ms!
May 25, 2021 9:36:39 PM[Yum 能耗监控] 注意! 插件 CoreProtect 处理 PlayerInteractEvent 事件 耗时 23ms 平均耗时 23ms!
May 25, 2021 9:41:11 PM[Yum 能耗监控] 注意! 插件 Essentials 处理 BlockPlaceEvent 事件 耗时 51ms 平均耗时 51ms!
May 25, 2021 10:04:23 PM[Yum 能耗监控] 注意! 插件 CoreProtect 处理 BlockFromToEvent 事件 耗时 90ms 平均耗时 90ms!
May 25, 2021 10:19:30 PM[Yum 能耗监控] 注意! 玩家 CONSOLE 执行 Essentials 插件 clear GTO 命令 耗时 97ms 平均耗时 97ms!
May 26, 2021 7:04:25 PM[Yum 能耗监控] 注意! 插件 GroupManager 处理 PlayerJoinEvent 事件 耗时 26ms 平均耗时 41ms!
May 27, 2021 6:41:58 PM[Yum 能耗监控] 注意! 插件 ProtocolLib 处理 PlayerLoginEvent 事件 耗时 402ms 平均耗时 402ms!
May 27, 2021 6:42:05 PM[Yum 能耗监控] 注意! 插件 GroupManager 处理 PlayerJoinEvent 事件 耗时 103ms 平均耗时 103ms!
May 27, 2021 6:42:06 PM[Yum 能耗监控] 注意! 插件 Essentials 处理 PlayerTeleportEvent 事件 耗时 187ms 平均耗时 187ms!
May 27, 2021 7:29:36 PM[Yum 能耗监控] 注意! 插件 Essentials 处理 BlockPlaceEvent 事件 耗时 54ms 平均耗时 54ms!
May 27, 2021 7:29:36 PM[Yum 能耗监控] 注意! 插件 CoreProtect 处理 BlockPlaceEvent 事件 耗时 34ms 平均耗时 34ms!
May 27, 2021 7:32:09 PM[Yum 能耗监控] 注意! 插件 CoreProtect 处理 BlockFromToEvent 事件 耗时 92ms 平均耗时 92ms!
May 28, 2021 2:23:07 PM[Yum 能耗监控] 注意! 插件 CoreProtect 处理 BlockFromToEvent 事件 耗时 107ms 平均耗时 107ms!
May 28, 2021 6:38:36 PM[Yum 能耗监控] 注意! 插件 ProtocolLib 处理 PlayerLoginEvent 事件 耗时 364ms 平均耗时 364ms!
May 28, 2021 6:38:42 PM[Yum 能耗监控] 注意! 插件 GroupManager 处理 PlayerJoinEvent 事件 耗时 99ms 平均耗时 99ms!
May 28, 2021 6:38:43 PM[Yum 能耗监控] 注意! 插件 Essentials 处理 PlayerTeleportEvent 事件 耗时 213ms 平均耗时 213ms!
May 28, 2021 9:12:06 PM[Yum 能耗监控] 注意! 插件 Essentials 处理 BlockPlaceEvent 事件 耗时 98ms 平均耗时 98ms!
May 28, 2021 11:53:12 PM[Yum 能耗监控] 注意! 插件 Multiverse-Core 处理 WorldLoadEvent 事件 耗时 4503ms 平均耗时 4503ms!
May 28, 2021 11:55:42 PM[Yum 能耗监控] 注意! 插件 Multiverse-Core 处理 WorldLoadEvent 事件 耗时 24454ms 平均耗时 14479ms!
May 29, 2021 9:24:40 AM[Yum 能耗监控] 注意! 插件 Multiverse-Core 处理 WorldLoadEvent 事件 耗时 8172ms 平均耗时 12377ms!
May 29, 2021 9:25:26 AM[Yum 能耗监控] 注意! 插件 Multiverse-Core 处理 WorldLoadEvent 事件 耗时 7770ms 平均耗时 11225ms!
May 30, 2021 9:25:56 AM[Yum 能耗监控] 注意! 插件 CoreProtect 处理 BlockFromToEvent 事件 耗时 163ms 平均耗时 163ms!
May 30, 2021 9:32:00 AM[Yum 能耗监控] 注意! 插件 ProtocolLib 处理 PlayerLoginEvent 事件 耗时 388ms 平均耗时 388ms!
May 30, 2021 9:32:07 AM[Yum 能耗监控] 注意! 插件 GroupManager 处理 PlayerJoinEvent 事件 耗时 125ms 平均耗时 125ms!
May 30, 2021 9:32:08 AM[Yum 能耗监控] 注意! 插件 Essentials 处理 PlayerTeleportEvent 事件 耗时 298ms 平均耗时 298ms!
May 30, 2021 6:38:05 PM[Yum 能耗监控] 注意! 插件 CoreProtect 处理 BlockFromToEvent 事件 耗时 107ms 平均耗时 107ms!
May 30, 2021 6:41:43 PM[Yum 能耗监控] 注意! 插件 ProtocolLib 处理 PlayerLoginEvent 事件 耗时 375ms 平均耗时 375ms!
May 30, 2021 6:41:51 PM[Yum 能耗监控] 注意! 插件 GroupManager 处理 PlayerJoinEvent 事件 耗时 100ms 平均耗时 100ms!
May 30, 2021 6:41:52 PM[Yum 能耗监控] 注意! 插件 Essentials 处理 PlayerTeleportEvent 事件 耗时 207ms 平均耗时 207ms!
May 31, 2021 7:23:20 PM[Yum 能耗监控] 注意! 插件 GroupManager 处理 PlayerJoinEvent 事件 耗时 26ms 平均耗时 21ms!
Jun 1, 2021 9:29:17 AM[Yum 能耗监控] 注意! 插件 CoreProtect 处理 BlockFromToEvent 事件 耗时 121ms 平均耗时 121ms!
Jun 1, 2021 6:40:25 PM[Yum 能耗监控] 注意! 插件 ProtocolLib 处理 PlayerLoginEvent 事件 耗时 301ms 平均耗时 301ms!
Jun 1, 2021 6:40:31 PM[Yum 能耗监控] 注意! 插件 GroupManager 处理 PlayerJoinEvent 事件 耗时 110ms 平均耗时 110ms!
Jun 1, 2021 6:40:32 PM[Yum 能耗监控] 注意! 插件 Essentials 处理 PlayerTeleportEvent 事件 耗时 182ms 平均耗时 182ms!
Jun 1, 2021 7:32:28 PM[Yum 能耗监控] 注意! 插件 Essentials 处理 BlockMultiPlaceEvent 事件 耗时 92ms 平均耗时 92ms!
Jun 1, 2021 11:58:30 PM[Yum 能耗监控] 注意! 插件 Essentials 处理 PlayerQuitEvent 事件 耗时 22ms 平均耗时 22ms!
Jun 2, 2021 10:04:42 AM[Yum 能耗监控] 注意! 插件 CoreProtect 处理 BlockFromToEvent 事件 耗时 108ms 平均耗时 108ms!
Jun 2, 2021 11:08:37 AM[Yum 能耗监控] 注意! 插件 ProtocolLib 处理 PlayerLoginEvent 事件 耗时 431ms 平均耗时 431ms!
Jun 2, 2021 11:08:51 AM[Yum 能耗监控] 注意! 插件 GroupManager 处理 PlayerJoinEvent 事件 耗时 103ms 平均耗时 103ms!
Jun 2, 2021 11:08:52 AM[Yum 能耗监控] 注意! 插件 Essentials 处理 PlayerTeleportEvent 事件 耗时 194ms 平均耗时 194ms!
Jun 2, 2021 8:16:08 PM[Yum 能耗监控] 注意! 插件 Essentials 处理 BlockPlaceEvent 事件 耗时 98ms 平均耗时 98ms!
Jun 3, 2021 11:12:30 AM[Yum 能耗监控] 注意! 插件 CoreProtect 处理 BlockFromToEvent 事件 耗时 97ms 平均耗时 97ms!
Jun 3, 2021 6:32:14 PM[Yum 能耗监控] 注意! 插件 ProtocolLib 处理 PlayerLoginEvent 事件 耗时 396ms 平均耗时 396ms!
Jun 3, 2021 6:32:21 PM[Yum 能耗监控] 注意! 插件 GroupManager 处理 PlayerJoinEvent 事件 耗时 102ms 平均耗时 102ms!
Jun 3, 2021 6:32:21 PM[Yum 能耗监控] 注意! 插件 Essentials 处理 PlayerTeleportEvent 事件 耗时 276ms 平均耗时 276ms!
Jun 3, 2021 9:31:12 PM[Yum 能耗监控] 注意! 插件 Essentials 处理 BlockPlaceEvent 事件 耗时 175ms 平均耗时 175ms!
Jun 3, 2021 11:08:09 PM[Yum 能耗监控] 注意! 插件 Essentials 处理 PlayerQuitEvent 事件 耗时 21ms 平均耗时 21ms!
Jun 4, 2021 1:17:03 AM[Yum 能耗监控] 注意! 插件 CoreProtect 处理 HangingPlaceEvent 事件 耗时 85ms 平均耗时 28ms!
Jun 4, 2021 10:12:14 AM[Yum 能耗监控] 注意! 插件 CoreProtect 处理 BlockFromToEvent 事件 耗时 100ms 平均耗时 100ms!
Jun 4, 2021 6:32:39 PM[Yum 能耗监控] 注意! 插件 ProtocolLib 处理 PlayerLoginEvent 事件 耗时 295ms 平均耗时 295ms!
Jun 4, 2021 6:32:45 PM[Yum 能耗监控] 注意! 插件 GroupManager 处理 PlayerJoinEvent 事件 耗时 136ms 平均耗时 136ms!
Jun 4, 2021 6:32:46 PM[Yum 能耗监控] 注意! 插件 Essentials 处理 PlayerTeleportEvent 事件 耗时 145ms 平均耗时 145ms!
Jun 4, 2021 6:34:39 PM[Yum 能耗监控] 注意! 插件 CoreProtect 处理 EntityDeathEvent 事件 耗时 23ms 平均耗时 23ms!
Jun 4, 2021 9:30:50 PM[Yum 能耗监控] 注意! 插件 Essentials 处理 BlockPlaceEvent 事件 耗时 24ms 平均耗时 24ms!
Jun 4, 2021 9:58:06 PM[Yum 能耗监控] 注意! 插件 CoreProtect 处理 BlockFromToEvent 事件 耗时 114ms 平均耗时 114ms!
Jun 4, 2021 9:59:28 PM[Yum 能耗监控] 注意! 插件 ProtocolLib 处理 PlayerLoginEvent 事件 耗时 279ms 平均耗时 279ms!
Jun 4, 2021 9:59:35 PM[Yum 能耗监控] 注意! 插件 GroupManager 处理 PlayerJoinEvent 事件 耗时 104ms 平均耗时 104ms!
Jun 4, 2021 9:59:35 PM[Yum 能耗监控] 注意! 插件 Essentials 处理 PlayerTeleportEvent 事件 耗时 173ms 平均耗时 173ms!
Jun 5, 2021 12:04:24 AM[Yum 能耗监控] 注意! 插件 CoreProtect 处理 HangingPlaceEvent 事件 耗时 51ms 平均耗时 51ms!
Jun 6, 2021 9:48:55 AM[Yum 能耗监控] 注意! 插件 CoreProtect 处理 BlockFromToEvent 事件 耗时 127ms 平均耗时 127ms!
Jun 6, 2021 9:49:11 AM[Yum 能耗监控] 注意! 插件 ProtocolLib 处理 PlayerLoginEvent 事件 耗时 329ms 平均耗时 329ms!
Jun 6, 2021 9:49:18 AM[Yum 能耗监控] 注意! 插件 GroupManager 处理 PlayerJoinEvent 事件 耗时 107ms 平均耗时 107ms!
Jun 6, 2021 9:49:19 AM[Yum 能耗监控] 注意! 插件 Essentials 处理 PlayerTeleportEvent 事件 耗时 246ms 平均耗时 246ms!
Jun 6, 2021 10:00:10 AM[Yum 能耗监控] 注意! 插件 CoreProtect 处理 BlockFromToEvent 事件 耗时 147ms 平均耗时 147ms!
Jun 6, 2021 10:14:41 AM[Yum 能耗监控] 注意! 插件 ProtocolLib 处理 PlayerLoginEvent 事件 耗时 326ms 平均耗时 326ms!
Jun 6, 2021 10:14:48 AM[Yum 能耗监控] 注意! 插件 GroupManager 处理 PlayerJoinEvent 事件 耗时 106ms 平均耗时 106ms!
Jun 6, 2021 10:14:49 AM[Yum 能耗监控] 注意! 插件 Essentials 处理 PlayerTeleportEvent 事件 耗时 183ms 平均耗时 183ms!
Jun 6, 2021 10:42:53 AM[Yum 能耗监控] 注意! 插件 CoreProtect 处理 BlockFromToEvent 事件 耗时 138ms 平均耗时 138ms!
Jun 6, 2021 10:43:00 AM[Yum 能耗监控] 注意! 插件 ProtocolLib 处理 PlayerLoginEvent 事件 耗时 328ms 平均耗时 328ms!
Jun 6, 2021 10:43:07 AM[Yum 能耗监控] 注意! 插件 GroupManager 处理 PlayerJoinEvent 事件 耗时 234ms 平均耗时 234ms!
Jun 6, 2021 10:43:08 AM[Yum 能耗监控] 注意! 插件 Essentials 处理 PlayerTeleportEvent 事件 耗时 216ms 平均耗时 216ms!
Jun 6, 2021 10:50:46 AM[Yum 能耗监控] 注意! 插件 Essentials 处理 BlockPlaceEvent 事件 耗时 65ms 平均耗时 65ms!
Jun 6, 2021 11:53:04 AM[Yum 能耗监控] 注意! 插件 CoreProtect 处理 BlockFromToEvent 事件 耗时 150ms 平均耗时 150ms!
Jun 6, 2021 11:53:49 AM[Yum 能耗监控] 注意! 插件 ProtocolLib 处理 PlayerLoginEvent 事件 耗时 333ms 平均耗时 333ms!
Jun 6, 2021 11:53:56 AM[Yum 能耗监控] 注意! 插件 GroupManager 处理 PlayerJoinEvent 事件 耗时 179ms 平均耗时 179ms!
Jun 6, 2021 11:53:57 AM[Yum 能耗监控] 注意! 插件 Essentials 处理 PlayerTeleportEvent 事件 耗时 179ms 平均耗时 179ms!
Jun 6, 2021 11:55:58 AM[Yum 能耗监控] 注意! 插件 NeverLag 处理 BlockBreakEvent 事件 耗时 29ms 平均耗时 29ms!
Jun 6, 2021 11:56:07 AM[Yum 能耗监控] 注意! 插件 Essentials 处理 BlockMultiPlaceEvent 事件 耗时 52ms 平均耗时 52ms!
Jun 7, 2021 7:05:22 PM[Yum 能耗监控] 注意! 插件 ProtocolLib 处理 PlayerLoginEvent 事件 耗时 282ms 平均耗时 282ms!
Jun 7, 2021 7:05:29 PM[Yum 能耗监控] 注意! 插件 GroupManager 处理 PlayerJoinEvent 事件 耗时 105ms 平均耗时 105ms!
Jun 7, 2021 7:05:29 PM[Yum 能耗监控] 注意! 插件 Essentials 处理 PlayerTeleportEvent 事件 耗时 144ms 平均耗时 144ms!
Jun 7, 2021 7:12:35 PM[Yum 能耗监控] 注意! 插件 Essentials 处理 BlockPlaceEvent 事件 耗时 90ms 平均耗时 90ms!
Jun 7, 2021 7:23:49 PM[Yum 能耗监控] 注意! 插件 Essentials 处理 PlayerDeathEvent 事件 耗时 28ms 平均耗时 28ms!
Jun 7, 2021 7:23:49 PM[Yum 能耗监控] 注意! 插件 CoreProtect 处理 PlayerDeathEvent 事件 耗时 40ms 平均耗时 40ms!
Jun 7, 2021 9:06:41 PM[Yum 能耗监控] 注意! 插件 Essentials 处理 PlayerQuitEvent 事件 耗时 33ms 平均耗时 33ms!
Jun 7, 2021 9:18:02 PM[Yum 能耗监控] 注意! 插件 Essentials 处理 StandardPaperServerListPingEventImpl 事件 耗时 28ms 平均耗时 27ms!
Jun 7, 2021 9:18:02 PM[Yum 能耗监控] 注意! 插件 Essentials 处理 StandardPaperServerListPingEventImpl 事件 耗时 26ms 平均耗时 26ms!
Jun 7, 2021 9:18:09 PM[Yum 能耗监控] 注意! 插件 ProtocolLib 处理 PlayerLoginEvent 事件 耗时 308ms 平均耗时 308ms!
Jun 7, 2021 9:18:15 PM[Yum 能耗监控] 注意! 插件 GroupManager 处理 PlayerJoinEvent 事件 耗时 126ms 平均耗时 126ms!
Jun 7, 2021 9:18:16 PM[Yum 能耗监控] 注意! 插件 Essentials 处理 PlayerTeleportEvent 事件 耗时 121ms 平均耗时 121ms!
Jun 7, 2021 11:07:23 PM[Yum 能耗监控] 注意! 插件 Essentials 处理 PlayerQuitEvent 事件 耗时 61ms 平均耗时 61ms!
Jun 7, 2021 11:07:23 PM[Yum 能耗监控] 注意! 插件 ProtocolLib 处理 PlayerQuitEvent 事件 耗时 24ms 平均耗时 24ms!
Jun 7, 2021 11:12:52 PM[Yum 能耗监控] 注意! 插件 CoreProtect 处理 BlockFromToEvent 事件 耗时 278ms 平均耗时 278ms!
Jun 7, 2021 11:12:54 PM[Yum 能耗监控] 注意! 插件 ProtocolLib 处理 PlayerLoginEvent 事件 耗时 409ms 平均耗时 409ms!
Jun 7, 2021 11:13:04 PM[Yum 能耗监控] 注意! 插件 GroupManager 处理 PlayerJoinEvent 事件 耗时 170ms 平均耗时 170ms!
Jun 7, 2021 11:13:05 PM[Yum 能耗监控] 注意! 插件 Essentials 处理 PlayerTeleportEvent 事件 耗时 211ms 平均耗时 211ms!
Jun 7, 2021 11:18:20 PM[Yum 能耗监控] 注意! 插件 Essentials 处理 BlockPlaceEvent 事件 耗时 106ms 平均耗时 106ms!
Jun 8, 2021 1:18:29 AM[Yum 能耗监控] 注意! 插件 ProtocolLib 处理 PlayerLoginEvent 事件 耗时 325ms 平均耗时 325ms!
Jun 8, 2021 1:24:05 AM[Yum 能耗监控] 注意! 插件 GroupManager 处理 PlayerJoinEvent 事件 耗时 115ms 平均耗时 115ms!
Jun 8, 2021 1:24:05 AM[Yum 能耗监控] 注意! 插件 Essentials 处理 PlayerTeleportEvent 事件 耗时 201ms 平均耗时 201ms!
Jun 8, 2021 4:19:32 AM[Yum 能耗监控] 注意! 插件 Essentials 处理 PlayerQuitEvent 事件 耗时 33ms 平均耗时 33ms!
Jun 8, 2021 11:23:36 AM[Yum 能耗监控] 注意! 插件 PlaceholderAPI 处理 UpdateChecker$$Lambda$1715/1329125241 任务 耗时 235ms 平均耗时 235ms!
Jun 8, 2021 6:40:56 PM[Yum 能耗监控] 注意! 插件 ProtocolLib 处理 PlayerLoginEvent 事件 耗时 422ms 平均耗时 422ms!
Jun 8, 2021 6:41:03 PM[Yum 能耗监控] 注意! 插件 GroupManager 处理 PlayerJoinEvent 事件 耗时 126ms 平均耗时 126ms!
Jun 8, 2021 6:41:04 PM[Yum 能耗监控] 注意! 插件 Essentials 处理 PlayerTeleportEvent 事件 耗时 294ms 平均耗时 294ms!
Jun 8, 2021 6:42:20 PM[Yum 能耗监控] 注意! 插件 CoreProtect 处理 EntityDeathEvent 事件 耗时 38ms 平均耗时 38ms!
Jun 8, 2021 7:12:25 PM[Yum 能耗监控] 注意! 插件 Essentials 处理 BlockPlaceEvent 事件 耗时 128ms 平均耗时 128ms!
Jun 8, 2021 11:49:31 PM[Yum 能耗监控] 注意! 插件 Essentials 处理 PlayerQuitEvent 事件 耗时 25ms 平均耗时 25ms!
Jun 8, 2021 11:49:31 PM[Yum 能耗监控] 注意! 插件 GroupManager 处理 PlayerQuitEvent 事件 耗时 25ms 平均耗时 25ms!
Jun 8, 2021 11:49:31 PM[Yum 能耗监控] 注意! 插件 ProtocolLib 处理 PlayerQuitEvent 事件 耗时 23ms 平均耗时 23ms!
Jun 9, 2021 3:01:52 PM[Yum 能耗监控] 注意! 插件 ProtocolLib 处理 PlayerLoginEvent 事件 耗时 322ms 平均耗时 322ms!
Jun 9, 2021 3:02:04 PM[Yum 能耗监控] 注意! 插件 GroupManager 处理 PlayerJoinEvent 事件 耗时 125ms 平均耗时 125ms!
Jun 9, 2021 3:02:04 PM[Yum 能耗监控] 注意! 插件 Multiverse-Core 处理 PlayerJoinEvent 事件 耗时 24ms 平均耗时 24ms!
Jun 9, 2021 3:02:05 PM[Yum 能耗监控] 注意! 插件 Essentials 处理 PlayerTeleportEvent 事件 耗时 242ms 平均耗时 242ms!
Jun 9, 2021 3:08:45 PM[Yum 能耗监控] 注意! 插件 Essentials 处理 BlockPlaceEvent 事件 耗时 106ms 平均耗时 106ms!
Jun 9, 2021 10:35:41 PM[Yum 能耗监控] 注意! 插件 CoreProtect 处理 BlockFromToEvent 事件 耗时 133ms 平均耗时 133ms!
Jun 9, 2021 10:37:48 PM[Yum 能耗监控] 注意! 插件 ProtocolLib 处理 PlayerLoginEvent 事件 耗时 312ms 平均耗时 312ms!
Jun 9, 2021 10:37:54 PM[Yum 能耗监控] 注意! 插件 GroupManager 处理 PlayerJoinEvent 事件 耗时 124ms 平均耗时 124ms!
Jun 9, 2021 10:37:56 PM[Yum 能耗监控] 注意! 插件 Essentials 处理 PlayerTeleportEvent 事件 耗时 393ms 平均耗时 393ms!
Jun 9, 2021 10:48:25 PM[Yum 能耗监控] 注意! 插件 Essentials 处理 BlockPlaceEvent 事件 耗时 81ms 平均耗时 81ms!
Jun 9, 2021 11:51:43 PM[Yum 能耗监控] 注意! 插件 Essentials 处理 PlayerQuitEvent 事件 耗时 32ms 平均耗时 32ms!
Jun 10, 2021 1:28:38 PM[Yum 能耗监控] 注意! 插件 Yum 处理 pw.yumc.Yum.listeners.PluginListener$1 任务 耗时 25ms 平均耗时 25ms!
Jun 10, 2021 1:28:49 PM[Yum 能耗监控] 注意! 插件 CoreProtect 处理 BlockFromToEvent 事件 耗时 122ms 平均耗时 122ms!
Jun 10, 2021 2:03:02 PM[Yum 能耗监控] 注意! 插件 ProtocolLib 处理 PlayerLoginEvent 事件 耗时 324ms 平均耗时 324ms!
Jun 10, 2021 2:03:15 PM[Yum 能耗监控] 注意! 插件 GroupManager 处理 PlayerJoinEvent 事件 耗时 112ms 平均耗时 112ms!
Jun 10, 2021 2:03:16 PM[Yum 能耗监控] 注意! 插件 Essentials 处理 PlayerTeleportEvent 事件 耗时 312ms 平均耗时 312ms!
Jun 10, 2021 2:08:57 PM[Yum 能耗监控] 注意! 插件 Essentials 处理 BlockPlaceEvent 事件 耗时 60ms 平均耗时 60ms!
Jun 10, 2021 3:17:23 PM[Yum 能耗监控] 注意! 插件 Essentials 处理 PlayerQuitEvent 事件 耗时 25ms 平均耗时 25ms!
Jun 11, 2021 3:25:43 PM[Yum 能耗监控] 注意! 插件 ProtocolLib 处理 PlayerLoginEvent 事件 耗时 338ms 平均耗时 338ms!
Jun 11, 2021 3:25:55 PM[Yum 能耗监控] 注意! 插件 GroupManager 处理 PlayerJoinEvent 事件 耗时 104ms 平均耗时 104ms!
Jun 11, 2021 3:25:56 PM[Yum 能耗监控] 注意! 插件 Essentials 处理 PlayerTeleportEvent 事件 耗时 206ms 平均耗时 206ms!
Jun 11, 2021 3:31:52 PM[Yum 能耗监控] 注意! 插件 Essentials 处理 BlockPlaceEvent 事件 耗时 71ms 平均耗时 71ms!
Jun 11, 2021 3:52:30 PM[Yum 能耗监控] 注意! 插件 Essentials 处理 PlayerQuitEvent 事件 耗时 42ms 平均耗时 42ms!
Jun 12, 2021 9:31:07 AM[Yum 能耗监控] 注意! 插件 ProtocolLib 处理 PlayerLoginEvent 事件 耗时 377ms 平均耗时 377ms!
Jun 12, 2021 9:31:14 AM[Yum 能耗监控] 注意! 插件 GroupManager 处理 PlayerJoinEvent 事件 耗时 188ms 平均耗时 188ms!
Jun 12, 2021 9:31:14 AM[Yum 能耗监控] 注意! 插件 NeverLag 处理 PlayerJoinEvent 事件 耗时 27ms 平均耗时 27ms!
Jun 12, 2021 9:31:14 AM[Yum 能耗监控] 注意! 插件 Multiverse-Core 处理 PlayerJoinEvent 事件 耗时 36ms 平均耗时 36ms!
Jun 12, 2021 9:31:16 AM[Yum 能耗监控] 注意! 插件 Essentials 处理 PlayerTeleportEvent 事件 耗时 226ms 平均耗时 226ms!
Jun 12, 2021 9:32:30 AM[Yum 能耗监控] 注意! 插件 Essentials 处理 BlockPlaceEvent 事件 耗时 85ms 平均耗时 85ms!
Jun 14, 2021 5:52:13 PM[Yum 能耗监控] 注意! 插件 GroupManager 处理 PlayerJoinEvent 事件 耗时 29ms 平均耗时 109ms!
Jun 15, 2021 9:26:20 AM[Yum 能耗监控] 注意! 插件 CoreProtect 处理 BlockFromToEvent 事件 耗时 135ms 平均耗时 135ms!
Jun 15, 2021 6:37:07 PM[Yum 能耗监控] 注意! 插件 ProtocolLib 处理 PlayerLoginEvent 事件 耗时 464ms 平均耗时 464ms!
Jun 15, 2021 6:37:14 PM[Yum 能耗监控] 注意! 插件 GroupManager 处理 PlayerJoinEvent 事件 耗时 125ms 平均耗时 125ms!
Jun 15, 2021 6:37:15 PM[Yum 能耗监控] 注意! 插件 Essentials 处理 PlayerTeleportEvent 事件 耗时 400ms 平均耗时 400ms!
Jun 15, 2021 7:03:05 PM[Yum 能耗监控] 注意! 插件 CoreProtect 处理 PlayerInteractEvent 事件 耗时 32ms 平均耗时 32ms!
Jun 15, 2021 10:40:00 PM[Yum 能耗监控] 注意! 插件 Essentials 处理 BlockPlaceEvent 事件 耗时 286ms 平均耗时 286ms!
Jun 15, 2021 11:55:37 PM[Yum 能耗监控] 注意! 插件 Essentials 处理 PlayerQuitEvent 事件 耗时 29ms 平均耗时 29ms!
Jun 16, 2021 8:07:03 PM[Yum 能耗监控] 注意! 插件 ProtocolLib 处理 PlayerLoginEvent 事件 耗时 411ms 平均耗时 411ms!
Jun 16, 2021 8:07:09 PM[Yum 能耗监控] 注意! 插件 GroupManager 处理 PlayerJoinEvent 事件 耗时 137ms 平均耗时 137ms!
Jun 16, 2021 8:07:11 PM[Yum 能耗监控] 注意! 插件 Essentials 处理 PlayerTeleportEvent 事件 耗时 263ms 平均耗时 263ms!
Jun 16, 2021 10:03:38 PM[Yum 能耗监控] 注意! 插件 Essentials 处理 BlockPlaceEvent 事件 耗时 188ms 平均耗时 188ms!
Jun 16, 2021 11:53:43 PM[Yum 能耗监控] 注意! 插件 Essentials 处理 PlayerQuitEvent 事件 耗时 42ms 平均耗时 42ms!
Jun 17, 2021 9:13:42 AM[Yum 能耗监控] 注意! 插件 GroupManager 处理 PlayerJoinEvent 事件 耗时 26ms 平均耗时 82ms!
Jun 17, 2021 2:59:05 PM[Yum 能耗监控] 注意! 插件 GroupManager 处理 PlayerJoinEvent 事件 耗时 27ms 平均耗时 32ms!
Jun 17, 2021 7:05:11 PM[Yum 能耗监控] 注意! 插件 ProtocolLib 处理 PlayerLoginEvent 事件 耗时 319ms 平均耗时 319ms!
Jun 17, 2021 7:05:18 PM[Yum 能耗监控] 注意! 插件 GroupManager 处理 PlayerJoinEvent 事件 耗时 105ms 平均耗时 105ms!
Jun 17, 2021 7:05:19 PM[Yum 能耗监控] 注意! 插件 Essentials 处理 PlayerTeleportEvent 事件 耗时 256ms 平均耗时 256ms!
Jun 17, 2021 7:05:29 PM[Yum 能耗监控] 注意! 插件 CoreProtect 处理 PlayerInteractEvent 事件 耗时 28ms 平均耗时 28ms!
Jun 17, 2021 7:14:05 PM[Yum 能耗监控] 注意! 插件 Essentials 处理 BlockPlaceEvent 事件 耗时 69ms 平均耗时 69ms!
Jun 17, 2021 7:15:02 PM[Yum 能耗监控] 注意! 插件 CoreProtect 处理 EntityDeathEvent 事件 耗时 25ms 平均耗时 25ms!
Jun 17, 2021 9:43:51 PM[Yum 能耗监控] 注意! 插件 Essentials 处理 EntityPickupItemEvent 事件 耗时 31ms 平均耗时 31ms!
Jun 18, 2021 10:04:07 AM[Yum 能耗监控] 注意! 插件 GroupManager 处理 PlayerJoinEvent 事件 耗时 47ms 平均耗时 53ms!
Jun 18, 2021 10:30:07 AM[Yum 能耗监控] 注意! 插件 ProtocolLib 处理 PlayerLoginEvent 事件 耗时 383ms 平均耗时 383ms!
Jun 18, 2021 10:30:20 AM[Yum 能耗监控] 注意! 插件 GroupManager 处理 PlayerJoinEvent 事件 耗时 116ms 平均耗时 116ms!
Jun 18, 2021 10:30:21 AM[Yum 能耗监控] 注意! 插件 Essentials 处理 PlayerTeleportEvent 事件 耗时 434ms 平均耗时 434ms!
Jun 18, 2021 10:30:40 AM[Yum 能耗监控] 注意! 插件 CoreProtect 处理 PlayerInteractEvent 事件 耗时 25ms 平均耗时 25ms!
Jun 18, 2021 10:31:35 AM[Yum 能耗监控] 注意! 插件 Essentials 处理 PlayerQuitEvent 事件 耗时 47ms 平均耗时 47ms!
Jun 18, 2021 10:46:59 AM[Yum 能耗监控] 注意! 插件 ProtocolLib 处理 PlayerLoginEvent 事件 耗时 399ms 平均耗时 399ms!
Jun 18, 2021 10:47:10 AM[Yum 能耗监控] 注意! 插件 GroupManager 处理 PlayerJoinEvent 事件 耗时 131ms 平均耗时 131ms!
Jun 18, 2021 10:47:10 AM[Yum 能耗监控] 注意! 插件 Multiverse-Core 处理 PlayerJoinEvent 事件 耗时 32ms 平均耗时 32ms!
Jun 18, 2021 10:47:11 AM[Yum 能耗监控] 注意! 插件 Essentials 处理 PlayerTeleportEvent 事件 耗时 221ms 平均耗时 221ms!
Jun 18, 2021 10:47:17 AM[Yum 能耗监控] 注意! 插件 CoreProtect 处理 PlayerInteractEvent 事件 耗时 30ms 平均耗时 30ms!
Jun 18, 2021 10:47:20 AM[Yum 能耗监控] 注意! 插件 CoreProtect 处理 InventoryClickEvent 事件 耗时 38ms 平均耗时 38ms!
Jun 18, 2021 10:49:23 AM[Yum 能耗监控] 注意! 插件 Essentials 处理 BlockMultiPlaceEvent 事件 耗时 70ms 平均耗时 70ms!
Jun 18, 2021 6:52:59 PM[Yum 能耗监控] 注意! 插件 ProtocolLib 处理 PlayerLoginEvent 事件 耗时 694ms 平均耗时 694ms!
Jun 18, 2021 6:52:59 PM[Yum 能耗监控] 注意! 插件 Essentials 处理 PlayerLoginEvent 事件 耗时 21ms 平均耗时 21ms!
Jun 18, 2021 6:53:06 PM[Yum 能耗监控] 注意! 插件 GroupManager 处理 PlayerJoinEvent 事件 耗时 145ms 平均耗时 145ms!
Jun 18, 2021 6:53:06 PM[Yum 能耗监控] 注意! 插件 Multiverse-Core 处理 PlayerJoinEvent 事件 耗时 32ms 平均耗时 32ms!
Jun 18, 2021 6:53:08 PM[Yum 能耗监控] 注意! 插件 Essentials 处理 PlayerTeleportEvent 事件 耗时 557ms 平均耗时 557ms!
Jun 18, 2021 6:56:46 PM[Yum 能耗监控] 注意! 插件 Essentials 处理 BlockMultiPlaceEvent 事件 耗时 82ms 平均耗时 82ms!
Jun 18, 2021 7:30:00 PM[Yum 能耗监控] 注意! 插件 CoreProtect 处理 BlockFromToEvent 事件 耗时 105ms 平均耗时 105ms!
Jun 18, 2021 7:53:11 PM[Yum 能耗监控] 注意! 插件 ProtocolLib 处理 PlayerLoginEvent 事件 耗时 338ms 平均耗时 338ms!
Jun 18, 2021 7:53:19 PM[Yum 能耗监控] 注意! 插件 GroupManager 处理 PlayerJoinEvent 事件 耗时 130ms 平均耗时 130ms!
Jun 18, 2021 7:53:19 PM[Yum 能耗监控] 注意! 插件 Essentials 处理 PlayerTeleportEvent 事件 耗时 203ms 平均耗时 203ms!
Jun 18, 2021 7:56:22 PM[Yum 能耗监控] 注意! 插件 CoreProtect 处理 EntityDeathEvent 事件 耗时 25ms 平均耗时 25ms!
Jun 18, 2021 8:14:13 PM[Yum 能耗监控] 注意! 插件 Essentials 处理 BlockPlaceEvent 事件 耗时 58ms 平均耗时 58ms!
Jun 18, 2021 9:53:39 PM[Yum 能耗监控] 注意! 插件 ProtocolLib 处理 PlayerLoginEvent 事件 耗时 335ms 平均耗时 335ms!
Jun 18, 2021 9:53:48 PM[Yum 能耗监控] 注意! 插件 GroupManager 处理 PlayerJoinEvent 事件 耗时 107ms 平均耗时 107ms!
Jun 18, 2021 9:53:48 PM[Yum 能耗监控] 注意! 插件 Essentials 处理 PlayerTeleportEvent 事件 耗时 222ms 平均耗时 222ms!
Jun 18, 2021 9:54:45 PM[Yum 能耗监控] 注意! 插件 CoreProtect 处理 PlayerInteractEvent 事件 耗时 24ms 平均耗时 24ms!
Jun 18, 2021 10:52:39 PM[Yum 能耗监控] 注意! 插件 Essentials 处理 BlockPlaceEvent 事件 耗时 127ms 平均耗时 127ms!
Jun 18, 2021 11:43:03 PM[Yum 能耗监控] 注意! 插件 Essentials 处理 PlayerQuitEvent 事件 耗时 51ms 平均耗时 51ms!
Jun 19, 2021 10:04:56 AM[Yum 能耗监控] 注意! 插件 GroupManager 处理 PlayerJoinEvent 事件 耗时 23ms 平均耗时 65ms!
Jun 19, 2021 4:48:17 PM[Yum 能耗监控] 注意! 插件 GroupManager 处理 PlayerJoinEvent 事件 耗时 28ms 平均耗时 53ms!
Jun 19, 2021 11:21:16 PM[Yum 能耗监控] 注意! 插件 GroupManager 处理 PlayerJoinEvent 事件 耗时 46ms 平均耗时 51ms!
Jun 20, 2021 6:14:40 PM[Yum 能耗监控] 注意! 插件 GroupManager 处理 PlayerJoinEvent 事件 耗时 24ms 平均耗时 35ms!
Jun 21, 2021 1:21:29 PM[Yum 能耗监控] 注意! 插件 ProtocolLib 处理 PlayerLoginEvent 事件 耗时 311ms 平均耗时 311ms!
Jun 21, 2021 1:21:40 PM[Yum 能耗监控] 注意! 插件 GroupManager 处理 PlayerJoinEvent 事件 耗时 113ms 平均耗时 113ms!
Jun 21, 2021 1:21:41 PM[Yum 能耗监控] 注意! 插件 Essentials 处理 PlayerTeleportEvent 事件 耗时 209ms 平均耗时 209ms!
Jun 21, 2021 1:27:59 PM[Yum 能耗监控] 注意! 插件 Essentials 处理 BlockMultiPlaceEvent 事件 耗时 59ms 平均耗时 59ms!
Jun 21, 2021 9:36:29 PM[Yum 能耗监控] 注意! 插件 ProtocolLib 处理 PlayerLoginEvent 事件 耗时 308ms 平均耗时 308ms!
Jun 21, 2021 9:36:35 PM[Yum 能耗监控] 注意! 插件 GroupManager 处理 PlayerJoinEvent 事件 耗时 107ms 平均耗时 107ms!
Jun 21, 2021 9:36:36 PM[Yum 能耗监控] 注意! 插件 Essentials 处理 PlayerTeleportEvent 事件 耗时 297ms 平均耗时 297ms!
Jun 21, 2021 10:35:40 PM[Yum 能耗监控] 注意! 插件 Essentials 处理 BlockPlaceEvent 事件 耗时 102ms 平均耗时 102ms!
Jun 22, 2021 11:16:35 AM[Yum 能耗监控] 注意! 插件 ProtocolLib 处理 PlayerLoginEvent 事件 耗时 332ms 平均耗时 332ms!
Jun 22, 2021 11:16:43 AM[Yum 能耗监控] 注意! 插件 GroupManager 处理 PlayerJoinEvent 事件 耗时 119ms 平均耗时 119ms!
Jun 22, 2021 11:16:44 AM[Yum 能耗监控] 注意! 插件 Essentials 处理 PlayerTeleportEvent 事件 耗时 262ms 平均耗时 262ms!
Jun 22, 2021 8:25:34 PM[Yum 能耗监控] 注意! 插件 Essentials 处理 BlockPlaceEvent 事件 耗时 143ms 平均耗时 143ms!
Jun 22, 2021 8:54:09 PM[Yum 能耗监控] 注意! 插件 ProtocolLib 处理 PlayerLoginEvent 事件 耗时 316ms 平均耗时 316ms!
Jun 22, 2021 8:54:16 PM[Yum 能耗监控] 注意! 插件 GroupManager 处理 PlayerJoinEvent 事件 耗时 104ms 平均耗时 104ms!
Jun 22, 2021 8:54:17 PM[Yum 能耗监控] 注意! 插件 Essentials 处理 PlayerTeleportEvent 事件 耗时 206ms 平均耗时 206ms!
Jun 22, 2021 8:54:29 PM[Yum 能耗监控] 注意! 插件 Essentials 处理 BlockPlaceEvent 事件 耗时 74ms 平均耗时 74ms!
Jun 23, 2021 7:14:55 PM[Yum 能耗监控] 注意! 插件 ProtocolLib 处理 PlayerLoginEvent 事件 耗时 322ms 平均耗时 322ms!
Jun 23, 2021 7:15:02 PM[Yum 能耗监控] 注意! 插件 GroupManager 处理 PlayerJoinEvent 事件 耗时 119ms 平均耗时 119ms!
Jun 23, 2021 7:15:02 PM[Yum 能耗监控] 注意! 插件 Essentials 处理 PlayerTeleportEvent 事件 耗时 206ms 平均耗时 206ms!
Jun 23, 2021 7:31:16 PM[Yum 能耗监控] 注意! 插件 Essentials 处理 PlayerQuitEvent 事件 耗时 31ms 平均耗时 31ms!
Jun 23, 2021 10:25:17 PM[Yum 能耗监控] 注意! 插件 Essentials 处理 BlockMultiPlaceEvent 事件 耗时 201ms 平均耗时 201ms!
Jul 1, 2021 10:19:26 AM[Yum 能耗监控] 注意! 插件 ProtocolLib 处理 PlayerLoginEvent 事件 耗时 353ms 平均耗时 353ms!
Jul 1, 2021 10:19:32 AM[Yum 能耗监控] 注意! 插件 GroupManager 处理 PlayerJoinEvent 事件 耗时 105ms 平均耗时 105ms!
Jul 1, 2021 10:19:33 AM[Yum 能耗监控] 注意! 插件 Essentials 处理 PlayerTeleportEvent 事件 耗时 329ms 平均耗时 329ms!
Jul 1, 2021 10:31:07 AM[Yum 能耗监控] 注意! 插件 Essentials 处理 BlockPlaceEvent 事件 耗时 176ms 平均耗时 176ms!
Jul 1, 2021 10:42:21 AM[Yum 能耗监控] 注意! 插件 Essentials 处理 PlayerDeathEvent 事件 耗时 35ms 平均耗时 35ms!
Jul 2, 2021 11:27:30 PM[Yum 能耗监控] 注意! 插件 ProtocolLib 处理 PlayerLoginEvent 事件 耗时 301ms 平均耗时 301ms!
Jul 2, 2021 11:27:36 PM[Yum 能耗监控] 注意! 插件 GroupManager 处理 PlayerJoinEvent 事件 耗时 108ms 平均耗时 108ms!
Jul 2, 2021 11:27:37 PM[Yum 能耗监控] 注意! 插件 Essentials 处理 PlayerTeleportEvent 事件 耗时 237ms 平均耗时 237ms!
Jul 2, 2021 11:38:22 PM[Yum 能耗监控] 注意! 插件 Essentials 处理 BlockPlaceEvent 事件 耗时 60ms 平均耗时 60ms!
Jul 3, 2021 7:43:17 PM[Yum 能耗监控] 注意! 插件 GroupManager 处理 PlayerJoinEvent 事件 耗时 21ms 平均耗时 64ms!
Jul 30, 2021 9:18:50 PM[Yum 能耗监控] 注意! 插件 ProtocolLib 处理 PlayerLoginEvent 事件 耗时 316ms 平均耗时 316ms!
Jul 30, 2021 9:18:57 PM[Yum 能耗监控] 注意! 插件 GroupManager 处理 PlayerJoinEvent 事件 耗时 109ms 平均耗时 109ms!
Jul 30, 2021 9:18:58 PM[Yum 能耗监控] 注意! 插件 Essentials 处理 PlayerTeleportEvent 事件 耗时 303ms 平均耗时 303ms!
Jul 30, 2021 9:37:57 PM[Yum 能耗监控] 注意! 插件 Essentials 处理 BlockPlaceEvent 事件 耗时 61ms 平均耗时 61ms!
Nov 25, 2022 5:30:06 PM[Yum 能耗监控] 注意! 插件 ProtocolLib 处理 PlayerLoginEvent 事件 耗时 372ms 平均耗时 372ms!
Nov 25, 2022 5:30:12 PM[Yum 能耗监控] 注意! 插件 GroupManager 处理 PlayerJoinEvent 事件 耗时 122ms 平均耗时 122ms!
Nov 25, 2022 5:30:13 PM[Yum 能耗监控] 注意! 插件 Essentials 处理 PlayerTeleportEvent 事件 耗时 179ms 平均耗时 179ms!
Nov 26, 2022 5:12:24 PM[Yum 能耗监控] 注意! 插件 ProtocolLib 处理 PlayerLoginEvent 事件 耗时 250ms 平均耗时 250ms!
Nov 26, 2022 5:12:27 PM[Yum 能耗监控] 注意! 插件 GroupManager 处理 PlayerJoinEvent 事件 耗时 129ms 平均耗时 129ms!
Nov 26, 2022 5:12:28 PM[Yum 能耗监控] 注意! 插件 Essentials 处理 PlayerTeleportEvent 事件 耗时 124ms 平均耗时 124ms!
Nov 26, 2022 5:17:32 PM[Yum 能耗监控] 注意! 插件 Multiverse-Core 处理 PlayerJoinEvent 事件 耗时 36ms 平均耗时 21ms!
Nov 26, 2022 5:33:56 PM[Yum 能耗监控] 注意! 插件 ProtocolLib 处理 PlayerLoginEvent 事件 耗时 240ms 平均耗时 240ms!
Nov 26, 2022 5:33:59 PM[Yum 能耗监控] 注意! 插件 GroupManager 处理 PlayerJoinEvent 事件 耗时 112ms 平均耗时 112ms!
Nov 26, 2022 5:34:00 PM[Yum 能耗监控] 注意! 插件 Essentials 处理 PlayerTeleportEvent 事件 耗时 205ms 平均耗时 205ms!
Nov 26, 2022 5:38:51 PM[Yum 能耗监控] 注意! 插件 Essentials 处理 BlockPlaceEvent 事件 耗时 83ms 平均耗时 83ms!
Nov 26, 2022 6:29:27 PM[Yum 能耗监控] 注意! 插件 Yum 处理 pw.yumc.Yum.listeners.PluginListener$1 任务 耗时 27ms 平均耗时 27ms!
Nov 26, 2022 6:29:27 PM[Yum 能耗监控] 注意! 插件 Yum 处理 pw.yumc.Yum.listeners.PluginListener$1 任务 耗时 36ms 平均耗时 36ms!
Nov 26, 2022 6:29:27 PM[Yum 能耗监控] 注意! 插件 Yum 处理 pw.yumc.Yum.listeners.PluginListener$1 任务 耗时 34ms 平均耗时 34ms!
Nov 26, 2022 6:29:52 PM[Yum 能耗监控] 注意! 插件 ProtocolLib 处理 PlayerLoginEvent 事件 耗时 415ms 平均耗时 415ms!
Nov 26, 2022 6:29:56 PM[Yum 能耗监控] 注意! 插件 GroupManager 处理 PlayerJoinEvent 事件 耗时 111ms 平均耗时 111ms!
Nov 26, 2022 6:29:57 PM[Yum 能耗监控] 注意! 插件 Essentials 处理 PlayerTeleportEvent 事件 耗时 304ms 平均耗时 304ms!
Nov 26, 2022 6:31:06 PM[Yum 能耗监控] 注意! 插件 Essentials 处理 BlockPlaceEvent 事件 耗时 82ms 平均耗时 82ms!
Nov 26, 2022 10:50:18 PM[Yum 能耗监控] 注意! 插件 ProtocolLib 处理 PlayerLoginEvent 事件 耗时 444ms 平均耗时 444ms!
Nov 26, 2022 10:50:22 PM[Yum 能耗监控] 注意! 插件 GroupManager 处理 PlayerJoinEvent 事件 耗时 129ms 平均耗时 129ms!
Nov 26, 2022 10:50:23 PM[Yum 能耗监控] 注意! 插件 Essentials 处理 PlayerTeleportEvent 事件 耗时 256ms 平均耗时 256ms!
Nov 26, 2022 11:05:29 PM[Yum 能耗监控] 注意! 插件 ProtocolLib 处理 PlayerLoginEvent 事件 耗时 318ms 平均耗时 318ms!
Nov 26, 2022 11:05:33 PM[Yum 能耗监控] 注意! 插件 GroupManager 处理 PlayerJoinEvent 事件 耗时 109ms 平均耗时 109ms!
Nov 26, 2022 11:05:33 PM[Yum 能耗监控] 注意! 插件 Essentials 处理 PlayerTeleportEvent 事件 耗时 153ms 平均耗时 153ms!
Nov 28, 2022 8:24:16 PM[Yum 能耗监控] 注意! 插件 ProtocolLib 处理 PlayerLoginEvent 事件 耗时 363ms 平均耗时 363ms!
Nov 28, 2022 8:24:20 PM[Yum 能耗监控] 注意! 插件 GroupManager 处理 PlayerJoinEvent 事件 耗时 121ms 平均耗时 121ms!
Nov 28, 2022 8:24:21 PM[Yum 能耗监控] 注意! 插件 Essentials 处理 PlayerTeleportEvent 事件 耗时 159ms 平均耗时 159ms!
Nov 29, 2022 4:55:20 PM[Yum 能耗监控] 注意! 插件 ProtocolLib 处理 PlayerLoginEvent 事件 耗时 409ms 平均耗时 409ms!
Nov 29, 2022 4:55:24 PM[Yum 能耗监控] 注意! 插件 GroupManager 处理 PlayerJoinEvent 事件 耗时 140ms 平均耗时 140ms!
Nov 29, 2022 4:55:25 PM[Yum 能耗监控] 注意! 插件 Essentials 处理 PlayerTeleportEvent 事件 耗时 251ms 平均耗时 251ms!
Nov 29, 2022 4:59:41 PM[Yum 能耗监控] 注意! 插件 Essentials 处理 BlockPlaceEvent 事件 耗时 60ms 平均耗时 60ms!
Nov 29, 2022 8:00:11 PM[Yum 能耗监控] 注意! 插件 Yum 处理 pw.yumc.Yum.listeners.PluginListener$1 任务 耗时 28ms 平均耗时 28ms!
Nov 29, 2022 8:00:32 PM[Yum 能耗监控] 注意! 插件 ProtocolLib 处理 PlayerLoginEvent 事件 耗时 395ms 平均耗时 395ms!
Nov 29, 2022 8:00:36 PM[Yum 能耗监控] 注意! 插件 GroupManager 处理 PlayerJoinEvent 事件 耗时 107ms 平均耗时 107ms!
Nov 29, 2022 8:00:37 PM[Yum 能耗监控] 注意! 插件 Essentials 处理 PlayerTeleportEvent 事件 耗时 227ms 平均耗时 227ms!
Nov 30, 2022 9:19:37 PM[Yum 能耗监控] 注意! 插件 ProtocolLib 处理 PlayerLoginEvent 事件 耗时 292ms 平均耗时 292ms!
Nov 30, 2022 9:19:42 PM[Yum 能耗监控] 注意! 插件 GroupManager 处理 PlayerJoinEvent 事件 耗时 187ms 平均耗时 187ms!
Nov 30, 2022 9:19:42 PM[Yum 能耗监控] 注意! 插件 Multiverse-Core 处理 PlayerJoinEvent 事件 耗时 23ms 平均耗时 23ms!
Nov 30, 2022 9:19:42 PM[Yum 能耗监控] 注意! 插件 Essentials 处理 PlayerTeleportEvent 事件 耗时 171ms 平均耗时 171ms!
Nov 30, 2022 9:30:16 PM[Yum 能耗监控] 注意! 插件 ProtocolLib 处理 PlayerLoginEvent 事件 耗时 369ms 平均耗时 369ms!
Nov 30, 2022 9:30:20 PM[Yum 能耗监控] 注意! 插件 GroupManager 处理 PlayerJoinEvent 事件 耗时 106ms 平均耗时 106ms!
Nov 30, 2022 9:30:20 PM[Yum 能耗监控] 注意! 插件 Essentials 处理 PlayerTeleportEvent 事件 耗时 158ms 平均耗时 158ms!
Nov 30, 2022 9:48:23 PM[Yum 能耗监控] 注意! 插件 Essentials 处理 BlockPlaceEvent 事件 耗时 55ms 平均耗时 55ms!
Nov 30, 2022 10:19:23 PM[Yum 能耗监控] 注意! 插件 Yum 处理 pw.yumc.Yum.listeners.PluginListener$1 任务 耗时 26ms 平均耗时 26ms!
Nov 30, 2022 10:21:22 PM[Yum 能耗监控] 注意! 插件 ProtocolLib 处理 PlayerLoginEvent 事件 耗时 421ms 平均耗时 421ms!
Nov 30, 2022 10:21:25 PM[Yum 能耗监控] 注意! 插件 GroupManager 处理 PlayerJoinEvent 事件 耗时 173ms 平均耗时 173ms!
Nov 30, 2022 10:21:25 PM[Yum 能耗监控] 注意! 插件 Multiverse-Core 处理 PlayerJoinEvent 事件 耗时 22ms 平均耗时 22ms!
Nov 30, 2022 10:21:26 PM[Yum 能耗监控] 注意! 插件 Essentials 处理 PlayerTeleportEvent 事件 耗时 159ms 平均耗时 159ms!
Nov 30, 2022 10:41:22 PM[Yum 能耗监控] 注意! 插件 Yum 处理 pw.yumc.Yum.listeners.PluginListener$1 任务 耗时 21ms 平均耗时 21ms!
Nov 30, 2022 10:44:00 PM[Yum 能耗监控] 注意! 插件 ProtocolLib 处理 PlayerLoginEvent 事件 耗时 374ms 平均耗时 374ms!
Nov 30, 2022 10:44:04 PM[Yum 能耗监控] 注意! 插件 GroupManager 处理 PlayerJoinEvent 事件 耗时 126ms 平均耗时 126ms!
Nov 30, 2022 10:44:04 PM[Yum 能耗监控] 注意! 插件 Essentials 处理 PlayerTeleportEvent 事件 耗时 190ms 平均耗时 190ms!
Nov 30, 2022 10:45:22 PM[Yum 能耗监控] 注意! 插件 Essentials 处理 BlockPlaceEvent 事件 耗时 74ms 平均耗时 74ms!
Dec 1, 2022 12:13:41 AM[Yum 能耗监控] 注意! 插件 Essentials 处理 PlayerQuitEvent 事件 耗时 22ms 平均耗时 22ms!
Dec 1, 2022 10:08:33 AM[Yum 能耗监控] 注意! 插件 ProtocolLib 处理 PlayerLoginEvent 事件 耗时 1176ms 平均耗时 1176ms!
Dec 1, 2022 10:08:37 AM[Yum 能耗监控] 注意! 插件 GroupManager 处理 PlayerJoinEvent 事件 耗时 128ms 平均耗时 128ms!
Dec 1, 2022 10:08:38 AM[Yum 能耗监控] 注意! 插件 Essentials 处理 PlayerTeleportEvent 事件 耗时 229ms 平均耗时 229ms!
Dec 1, 2022 6:55:44 PM[Yum 能耗监控] 注意! 插件 Essentials 处理 PlayerQuitEvent 事件 耗时 24ms 平均耗时 24ms!
Dec 2, 2022 12:00:08 AM[Yum 能耗监控] 注意! 插件 Yum 处理 pw.yumc.Yum.listeners.PluginListener$1 任务 耗时 24ms 平均耗时 24ms!
Dec 2, 2022 12:22:34 AM[Yum 能耗监控] 注意! 插件 ProtocolLib 处理 PlayerLoginEvent 事件 耗时 342ms 平均耗时 342ms!
Dec 2, 2022 12:22:38 AM[Yum 能耗监控] 注意! 插件 GroupManager 处理 PlayerJoinEvent 事件 耗时 179ms 平均耗时 179ms!
Dec 2, 2022 12:22:38 AM[Yum 能耗监控] 注意! 插件 Multiverse-Core 处理 PlayerJoinEvent 事件 耗时 25ms 平均耗时 25ms!
Dec 2, 2022 12:22:39 AM[Yum 能耗监控] 注意! 插件 Essentials 处理 PlayerTeleportEvent 事件 耗时 326ms 平均耗时 326ms!
Dec 2, 2022 12:31:11 AM[Yum 能耗监控] 注意! 插件 Essentials 处理 BlockPlaceEvent 事件 耗时 93ms 平均耗时 93ms!
Dec 2, 2022 12:37:47 AM[Yum 能耗监控] 注意! 插件 ProtocolLib 处理 PlayerLoginEvent 事件 耗时 353ms 平均耗时 353ms!
Dec 2, 2022 12:37:52 AM[Yum 能耗监控] 注意! 插件 GroupManager 处理 PlayerJoinEvent 事件 耗时 149ms 平均耗时 149ms!
Dec 2, 2022 12:37:52 AM[Yum 能耗监控] 注意! 插件 Essentials 处理 PlayerTeleportEvent 事件 耗时 208ms 平均耗时 208ms!
Dec 2, 2022 10:00:23 AM[Yum 能耗监控] 注意! 插件 ProtocolLib 处理 PlayerLoginEvent 事件 耗时 820ms 平均耗时 820ms!
Dec 2, 2022 10:00:28 AM[Yum 能耗监控] 注意! 插件 GroupManager 处理 PlayerJoinEvent 事件 耗时 264ms 平均耗时 264ms!
Dec 2, 2022 10:00:28 AM[Yum 能耗监控] 注意! 插件 Essentials 处理 PlayerTeleportEvent 事件 耗时 148ms 平均耗时 148ms!
Dec 2, 2022 10:16:28 AM[Yum 能耗监控] 注意! 插件 Essentials 处理 BlockPlaceEvent 事件 耗时 56ms 平均耗时 56ms!
Dec 2, 2022 1:22:42 PM[Yum 能耗监控] 注意! 插件 Yum 处理 PluginDisableEvent 事件 耗时 22ms 平均耗时 22ms!
Dec 2, 2022 1:26:44 PM[Yum 能耗监控] 注意! 插件 Yum 处理 PluginDisableEvent 事件 耗时 30ms 平均耗时 30ms!
Dec 2, 2022 1:26:44 PM[Yum 能耗监控] 注意! 插件 ProtocolLib 处理 PluginDisableEvent 事件 耗时 30ms 平均耗时 30ms!
Dec 2, 2022 2:39:04 PM[Yum 能耗监控] 注意! 插件 PlaceholderAPI 处理 PlaceholderAPIPlugin$$Lambda$1547/423418892 任务 耗时 86ms 平均耗时 86ms!
Dec 2, 2022 2:39:50 PM[Yum 能耗监控] 注意! 插件 ProtocolLib 处理 PlayerLoginEvent 事件 耗时 297ms 平均耗时 297ms!
Dec 2, 2022 2:39:55 PM[Yum 能耗监控] 注意! 插件 GroupManager 处理 PlayerJoinEvent 事件 耗时 214ms 平均耗时 214ms!
Dec 2, 2022 2:39:55 PM[Yum 能耗监控] 注意! 插件 Essentials 处理 PlayerTeleportEvent 事件 耗时 174ms 平均耗时 174ms!
Dec 2, 2022 2:41:28 PM[Yum 能耗监控] 注意! 插件 Essentials 处理 BlockPlaceEvent 事件 耗时 65ms 平均耗时 65ms!
Dec 2, 2022 6:41:56 PM[Yum 能耗监控] 注意! 玩家 CONSOLE 执行 Essentials 插件 mobkill  命令 耗时 34ms 平均耗时 34ms!
Dec 2, 2022 7:31:37 PM[Yum 能耗监控] 注意! 插件 ProtocolLib 处理 PlayerLoginEvent 事件 耗时 400ms 平均耗时 400ms!
Dec 2, 2022 7:31:41 PM[Yum 能耗监控] 注意! 插件 GroupManager 处理 PlayerJoinEvent 事件 耗时 117ms 平均耗时 117ms!
Dec 2, 2022 7:31:41 PM[Yum 能耗监控] 注意! 插件 Essentials 处理 PlayerTeleportEvent 事件 耗时 215ms 平均耗时 215ms!
Dec 2, 2022 7:31:52 PM[Yum 能耗监控] 注意! 插件 Essentials 处理 PlayerQuitEvent 事件 耗时 24ms 平均耗时 24ms!
Dec 2, 2022 8:05:28 PM[Yum 能耗监控] 注意! 插件 ProtocolLib 处理 PlayerLoginEvent 事件 耗时 339ms 平均耗时 339ms!
Dec 2, 2022 8:05:31 PM[Yum 能耗监控] 注意! 插件 GroupManager 处理 PlayerJoinEvent 事件 耗时 108ms 平均耗时 108ms!
Dec 2, 2022 8:05:32 PM[Yum 能耗监控] 注意! 插件 Essentials 处理 PlayerTeleportEvent 事件 耗时 165ms 平均耗时 165ms!
Dec 2, 2022 8:11:38 PM[Yum 能耗监控] 注意! 插件 ProtocolLib 处理 PlayerLoginEvent 事件 耗时 452ms 平均耗时 452ms!
Dec 2, 2022 8:11:42 PM[Yum 能耗监控] 注意! 插件 GroupManager 处理 PlayerJoinEvent 事件 耗时 114ms 平均耗时 114ms!
Dec 2, 2022 8:11:42 PM[Yum 能耗监控] 注意! 插件 Essentials 处理 PlayerTeleportEvent 事件 耗时 133ms 平均耗时 133ms!
Dec 2, 2022 8:19:07 PM[Yum 能耗监控] 注意! 插件 Essentials 处理 BlockPlaceEvent 事件 耗时 22ms 平均耗时 22ms!
Dec 2, 2022 8:37:44 PM[Yum 能耗监控] 注意! 插件 ProtocolLib 处理 PlayerLoginEvent 事件 耗时 411ms 平均耗时 411ms!
Dec 2, 2022 8:37:48 PM[Yum 能耗监控] 注意! 插件 GroupManager 处理 PlayerJoinEvent 事件 耗时 111ms 平均耗时 111ms!
Dec 2, 2022 8:37:48 PM[Yum 能耗监控] 注意! 插件 Essentials 处理 PlayerTeleportEvent 事件 耗时 266ms 平均耗时 266ms!
Dec 2, 2022 9:18:16 PM[Yum 能耗监控] 注意! 玩家 CONSOLE 执行 Essentials 插件 killall mobs 命令 耗时 32ms 平均耗时 32ms!
Dec 2, 2022 9:18:27 PM[Yum 能耗监控] 注意! 玩家 CONSOLE 执行 Essentials 插件 killall mobs DIM-1 命令 耗时 49ms 平均耗时 40ms!
Dec 2, 2022 9:55:31 PM[Yum 能耗监控] 注意! 插件 ProtocolLib 处理 PlayerLoginEvent 事件 耗时 456ms 平均耗时 456ms!
Dec 2, 2022 9:55:34 PM[Yum 能耗监控] 注意! 插件 GroupManager 处理 PlayerJoinEvent 事件 耗时 147ms 平均耗时 147ms!
Dec 2, 2022 9:55:34 PM[Yum 能耗监控] 注意! 插件 Multiverse-Core 处理 PlayerJoinEvent 事件 耗时 23ms 平均耗时 23ms!
Dec 2, 2022 9:55:34 PM[Yum 能耗监控] 注意! 插件 Essentials 处理 PlayerTeleportEvent 事件 耗时 168ms 平均耗时 168ms!
Dec 2, 2022 9:56:18 PM[Yum 能耗监控] 注意! 插件 Essentials 处理 BlockPlaceEvent 事件 耗时 73ms 平均耗时 73ms!
Dec 2, 2022 9:59:02 PM[Yum 能耗监控] 注意! 玩家 CONSOLE 执行 Essentials 插件 killall mobs DIM-1 命令 耗时 90ms 平均耗时 90ms!
Dec 2, 2022 10:43:39 PM[Yum 能耗监控] 注意! 插件 ProtocolLib 处理 PlayerLoginEvent 事件 耗时 471ms 平均耗时 471ms!
Dec 2, 2022 10:43:42 PM[Yum 能耗监控] 注意! 插件 GroupManager 处理 PlayerJoinEvent 事件 耗时 113ms 平均耗时 113ms!
Dec 2, 2022 10:43:43 PM[Yum 能耗监控] 注意! 插件 Essentials 处理 PlayerTeleportEvent 事件 耗时 135ms 平均耗时 135ms!
Dec 2, 2022 10:44:16 PM[Yum 能耗监控] 注意! 插件 Essentials 处理 BlockPlaceEvent 事件 耗时 95ms 平均耗时 95ms!
Dec 2, 2022 10:53:51 PM[Yum 能耗监控] 注意! 插件 ProtocolLib 处理 PlayerLoginEvent 事件 耗时 373ms 平均耗时 373ms!
Dec 2, 2022 10:53:55 PM[Yum 能耗监控] 注意! 插件 GroupManager 处理 PlayerJoinEvent 事件 耗时 189ms 平均耗时 189ms!
Dec 2, 2022 10:53:55 PM[Yum 能耗监控] 注意! 插件 Multiverse-Core 处理 PlayerJoinEvent 事件 耗时 30ms 平均耗时 30ms!
Dec 2, 2022 10:53:55 PM[Yum 能耗监控] 注意! 插件 Essentials 处理 PlayerTeleportEvent 事件 耗时 167ms 平均耗时 167ms!
Dec 2, 2022 10:54:02 PM[Yum 能耗监控] 注意! 插件 Essentials 处理 BlockPlaceEvent 事件 耗时 77ms 平均耗时 77ms!
Dec 3, 2022 10:19:21 AM[Yum 能耗监控] 注意! 插件 ProtocolLib 处理 PlayerLoginEvent 事件 耗时 340ms 平均耗时 340ms!
Dec 3, 2022 10:19:25 AM[Yum 能耗监控] 注意! 插件 GroupManager 处理 PlayerJoinEvent 事件 耗时 131ms 平均耗时 131ms!
Dec 3, 2022 10:19:25 AM[Yum 能耗监控] 注意! 插件 Essentials 处理 PlayerTeleportEvent 事件 耗时 126ms 平均耗时 126ms!
Dec 3, 2022 10:57:28 AM[Yum 能耗监控] 注意! 插件 Essentials 处理 PlayerQuitEvent 事件 耗时 21ms 平均耗时 21ms!
Dec 3, 2022 11:12:00 AM[Yum 能耗监控] 注意! 插件 Essentials 处理 BlockPlaceEvent 事件 耗时 59ms 平均耗时 59ms!
Dec 3, 2022 6:09:38 PM[Yum 能耗监控] 注意! 玩家 CONSOLE 执行 Multiverse-Core 插件 mvrules  命令 耗时 23ms 平均耗时 23ms!
Dec 3, 2022 6:13:03 PM[Yum 能耗监控] 注意! 插件 ProtocolLib 处理 PlayerLoginEvent 事件 耗时 468ms 平均耗时 468ms!
Dec 3, 2022 6:13:06 PM[Yum 能耗监控] 注意! 插件 GroupManager 处理 PlayerJoinEvent 事件 耗时 126ms 平均耗时 126ms!
Dec 3, 2022 6:13:07 PM[Yum 能耗监控] 注意! 插件 Essentials 处理 PlayerTeleportEvent 事件 耗时 179ms 平均耗时 179ms!
Dec 3, 2022 6:18:49 PM[Yum 能耗监控] 注意! 插件 Essentials 处理 BlockPlaceEvent 事件 耗时 113ms 平均耗时 113ms!
Dec 3, 2022 9:02:32 PM[Yum 能耗监控] 注意! 插件 ProtocolLib 处理 PlayerLoginEvent 事件 耗时 586ms 平均耗时 586ms!
Dec 3, 2022 9:02:36 PM[Yum 能耗监控] 注意! 插件 GroupManager 处理 PlayerJoinEvent 事件 耗时 169ms 平均耗时 169ms!
Dec 3, 2022 9:02:36 PM[Yum 能耗监控] 注意! 插件 Multiverse-Core 处理 PlayerJoinEvent 事件 耗时 29ms 平均耗时 29ms!
Dec 3, 2022 9:02:37 PM[Yum 能耗监控] 注意! 插件 Essentials 处理 PlayerTeleportEvent 事件 耗时 282ms 平均耗时 282ms!
Dec 3, 2022 9:12:59 PM[Yum 能耗监控] 注意! 插件 Multiverse-Core 处理 WorldLoadEvent 事件 耗时 302ms 平均耗时 302ms!
Dec 3, 2022 9:16:51 PM[Yum 能耗监控] 注意! 玩家 CONSOLE 执行 Yum 插件 yum load DungeonMaze-0.2.5-SNAPSHOT 命令 耗时 869ms 平均耗时 436ms!
Dec 3, 2022 9:21:27 PM[Yum 能耗监控] 注意! 插件 Multiverse-Core 处理 WorldLoadEvent 事件 耗时 287ms 平均耗时 294ms!
Dec 3, 2022 9:22:10 PM[Yum 能耗监控] 注意! 玩家 Pleiades 执行 Multiverse-Core 插件 mvremove resource 命令 耗时 33ms 平均耗时 33ms!
Dec 3, 2022 9:25:22 PM[Yum 能耗监控] 注意! 玩家 Pleiades 执行 Yum 插件 yum unload DungeonMaze 命令 耗时 34ms 平均耗时 227ms!
Dec 3, 2022 9:43:16 PM[Yum 能耗监控] 注意! 玩家 CONSOLE 执行 Yum 插件 yum reload all 命令 耗时 20454ms 平均耗时 2136ms!
Dec 3, 2022 9:52:32 PM[Yum 能耗监控] 注意! 插件 ProtocolLib 处理 PlayerLoginEvent 事件 耗时 344ms 平均耗时 344ms!
Dec 3, 2022 9:52:35 PM[Yum 能耗监控] 注意! 插件 GroupManager 处理 PlayerJoinEvent 事件 耗时 118ms 平均耗时 118ms!
Dec 3, 2022 9:52:36 PM[Yum 能耗监控] 注意! 插件 Essentials 处理 PlayerTeleportEvent 事件 耗时 265ms 平均耗时 265ms!
Dec 3, 2022 9:55:18 PM[Yum 能耗监控] 注意! 玩家 Pleiades 执行 Multiverse-Core 插件 mvremove resource 命令 耗时 25ms 平均耗时 25ms!
Dec 3, 2022 9:57:26 PM[Yum 能耗监控] 注意! 玩家 Pleiades 执行 Multiverse-Core 插件 mvunload DIM-1 命令 耗时 65ms 平均耗时 23ms!
Dec 3, 2022 10:26:08 PM[Yum 能耗监控] 注意! 插件 ProtocolLib 处理 PlayerLoginEvent 事件 耗时 326ms 平均耗时 326ms!
Dec 3, 2022 10:26:11 PM[Yum 能耗监控] 注意! 插件 GroupManager 处理 PlayerJoinEvent 事件 耗时 191ms 平均耗时 191ms!
Dec 3, 2022 10:26:11 PM[Yum 能耗监控] 注意! 插件 Multiverse-Core 处理 PlayerJoinEvent 事件 耗时 36ms 平均耗时 36ms!
Dec 3, 2022 10:26:12 PM[Yum 能耗监控] 注意! 插件 Essentials 处理 PlayerTeleportEvent 事件 耗时 258ms 平均耗时 258ms!
Dec 3, 2022 10:27:21 PM[Yum 能耗监控] 注意! 插件 Essentials 处理 PlayerQuitEvent 事件 耗时 24ms 平均耗时 24ms!
Dec 3, 2022 10:36:18 PM[Yum 能耗监控] 注意! 插件 Essentials 处理 StandardPaperServerListPingEventImpl 事件 耗时 22ms 平均耗时 22ms!
Dec 3, 2022 10:36:18 PM[Yum 能耗监控] 注意! 插件 Essentials 处理 StandardPaperServerListPingEventImpl 事件 耗时 28ms 平均耗时 25ms!
Dec 3, 2022 10:36:25 PM[Yum 能耗监控] 注意! 插件 ProtocolLib 处理 PlayerLoginEvent 事件 耗时 316ms 平均耗时 316ms!
Dec 3, 2022 10:36:29 PM[Yum 能耗监控] 注意! 插件 GroupManager 处理 PlayerJoinEvent 事件 耗时 134ms 平均耗时 134ms!
Dec 3, 2022 10:36:29 PM[Yum 能耗监控] 注意! 插件 Essentials 处理 PlayerTeleportEvent 事件 耗时 171ms 平均耗时 171ms!
Dec 3, 2022 11:09:05 PM[Yum 能耗监控] 注意! 插件 ProtocolLib 处理 PlayerLoginEvent 事件 耗时 349ms 平均耗时 349ms!
Dec 3, 2022 11:09:08 PM[Yum 能耗监控] 注意! 插件 GroupManager 处理 PlayerJoinEvent 事件 耗时 127ms 平均耗时 127ms!
Dec 3, 2022 11:09:09 PM[Yum 能耗监控] 注意! 插件 Essentials 处理 PlayerTeleportEvent 事件 耗时 219ms 平均耗时 219ms!
Dec 3, 2022 11:42:07 PM[Yum 能耗监控] 注意! 插件 Essentials 处理 BlockPlaceEvent 事件 耗时 55ms 平均耗时 55ms!
Dec 3, 2022 11:55:25 PM[Yum 能耗监控] 注意! 插件 ProtocolLib 处理 PlayerLoginEvent 事件 耗时 388ms 平均耗时 388ms!
Dec 3, 2022 11:55:28 PM[Yum 能耗监控] 注意! 插件 GroupManager 处理 PlayerJoinEvent 事件 耗时 115ms 平均耗时 115ms!
Dec 3, 2022 11:55:29 PM[Yum 能耗监控] 注意! 插件 Essentials 处理 PlayerTeleportEvent 事件 耗时 189ms 平均耗时 189ms!
Dec 3, 2022 11:57:24 PM[Yum 能耗监控] 注意! 玩家 Pleiades 执行 Essentials 插件 gc  命令 耗时 255ms 平均耗时 255ms!
Dec 3, 2022 11:58:01 PM[Yum 能耗监控] 注意! 玩家 Pleiades 执行 Essentials 插件 killall mobs 命令 耗时 54ms 平均耗时 54ms!
Dec 4, 2022 12:09:26 AM[Yum 能耗监控] 注意! 插件 ProtocolLib 处理 PlayerLoginEvent 事件 耗时 258ms 平均耗时 258ms!
Dec 4, 2022 12:09:30 AM[Yum 能耗监控] 注意! 插件 GroupManager 处理 PlayerJoinEvent 事件 耗时 109ms 平均耗时 109ms!
Dec 4, 2022 12:09:30 AM[Yum 能耗监控] 注意! 插件 Essentials 处理 PlayerTeleportEvent 事件 耗时 190ms 平均耗时 190ms!
Dec 4, 2022 12:11:48 AM[Yum 能耗监控] 注意! 插件 Yum 处理 PluginDisableEvent 事件 耗时 24ms 平均耗时 24ms!
Dec 4, 2022 12:11:48 AM[Yum 能耗监控] 注意! 插件 Yum 处理 PluginDisableEvent 事件 耗时 58ms 平均耗时 21ms!
Dec 4, 2022 12:56:29 AM[Yum 能耗监控] 注意! 插件 ProtocolLib 处理 PlayerLoginEvent 事件 耗时 369ms 平均耗时 369ms!
Dec 4, 2022 12:58:28 AM[Yum 能耗监控] 注意! 插件 GroupManager 处理 PlayerJoinEvent 事件 耗时 145ms 平均耗时 145ms!
Dec 4, 2022 12:58:28 AM[Yum 能耗监控] 注意! 插件 Essentials 处理 PlayerTeleportEvent 事件 耗时 185ms 平均耗时 185ms!
Dec 4, 2022 1:21:24 AM[Yum 能耗监控] 注意! 插件 ProtocolLib 处理 PlayerLoginEvent 事件 耗时 310ms 平均耗时 310ms!
Dec 4, 2022 1:21:29 AM[Yum 能耗监控] 注意! 插件 GroupManager 处理 PlayerJoinEvent 事件 耗时 137ms 平均耗时 137ms!
Dec 4, 2022 1:21:29 AM[Yum 能耗监控] 注意! 插件 Essentials 处理 PlayerTeleportEvent 事件 耗时 167ms 平均耗时 167ms!
Dec 4, 2022 10:09:05 AM[Yum 能耗监控] 注意! 插件 ProtocolLib 处理 PlayerLoginEvent 事件 耗时 442ms 平均耗时 442ms!
Dec 4, 2022 10:09:09 AM[Yum 能耗监控] 注意! 插件 GroupManager 处理 PlayerJoinEvent 事件 耗时 115ms 平均耗时 115ms!
Dec 4, 2022 10:09:10 AM[Yum 能耗监控] 注意! 插件 Essentials 处理 PlayerTeleportEvent 事件 耗时 245ms 平均耗时 245ms!
Dec 4, 2022 11:44:17 AM[Yum 能耗监控] 注意! 插件 ProtocolLib 处理 PlayerLoginEvent 事件 耗时 448ms 平均耗时 448ms!
Dec 4, 2022 11:44:20 AM[Yum 能耗监控] 注意! 插件 GroupManager 处理 PlayerJoinEvent 事件 耗时 111ms 平均耗时 111ms!
Dec 4, 2022 11:44:20 AM[Yum 能耗监控] 注意! 插件 Essentials 处理 PlayerTeleportEvent 事件 耗时 205ms 平均耗时 205ms!
Dec 4, 2022 11:53:07 AM[Yum 能耗监控] 注意! 插件 ProtocolLib 处理 PlayerLoginEvent 事件 耗时 602ms 平均耗时 602ms!
Dec 4, 2022 11:53:10 AM[Yum 能耗监控] 注意! 插件 GroupManager 处理 PlayerJoinEvent 事件 耗时 111ms 平均耗时 111ms!
Dec 4, 2022 11:53:10 AM[Yum 能耗监控] 注意! 插件 Multiverse-Core 处理 PlayerJoinEvent 事件 耗时 21ms 平均耗时 21ms!
Dec 4, 2022 11:53:11 AM[Yum 能耗监控] 注意! 插件 Essentials 处理 PlayerTeleportEvent 事件 耗时 266ms 平均耗时 266ms!
Dec 4, 2022 12:02:07 PM[Yum 能耗监控] 注意! 玩家 Pleiades 执行 Multiverse-Core 插件 mvlist  命令 耗时 23ms 平均耗时 23ms!
Dec 4, 2022 12:13:37 PM[Yum 能耗监控] 注意! 插件 ProtocolLib 处理 PlayerLoginEvent 事件 耗时 865ms 平均耗时 865ms!
Dec 4, 2022 12:13:40 PM[Yum 能耗监控] 注意! 插件 GroupManager 处理 PlayerJoinEvent 事件 耗时 167ms 平均耗时 167ms!
Dec 4, 2022 12:13:41 PM[Yum 能耗监控] 注意! 插件 Essentials 处理 PlayerTeleportEvent 事件 耗时 145ms 平均耗时 145ms!
Dec 4, 2022 12:20:13 PM[Yum 能耗监控] 注意! 玩家 Pleiades 执行 Multiverse-Core 插件 mvlist  命令 耗时 35ms 平均耗时 35ms!
Dec 4, 2022 12:57:07 PM[Yum 能耗监控] 注意! 插件 Yum 处理 pw.yumc.Yum.listeners.PluginListener$1 任务 耗时 34ms 平均耗时 34ms!
Dec 4, 2022 12:59:46 PM[Yum 能耗监控] 注意! 玩家 CONSOLE 执行 Multiverse-Core 插件 mvlist  命令 耗时 44ms 平均耗时 44ms!
Dec 4, 2022 1:00:31 PM[Yum 能耗监控] 注意! 插件 ProtocolLib 处理 PlayerLoginEvent 事件 耗时 285ms 平均耗时 285ms!
Dec 4, 2022 1:00:35 PM[Yum 能耗监控] 注意! 插件 GroupManager 处理 PlayerJoinEvent 事件 耗时 136ms 平均耗时 136ms!
Dec 4, 2022 1:00:35 PM[Yum 能耗监控] 注意! 插件 Essentials 处理 PlayerTeleportEvent 事件 耗时 146ms 平均耗时 146ms!
Dec 4, 2022 1:07:41 PM[Yum 能耗监控] 注意! 玩家 Pleiades 执行 EssentialsSpawn 插件 spawn  命令 耗时 54ms 平均耗时 54ms!
Dec 4, 2022 1:07:46 PM[Yum 能耗监控] 注意! 玩家 Pleiades 执行 EssentialsSpawn 插件 spawn  命令 耗时 21ms 平均耗时 37ms!
Dec 4, 2022 1:21:50 PM[Yum 能耗监控] 注意! 插件 ProtocolLib 处理 PlayerLoginEvent 事件 耗时 363ms 平均耗时 363ms!
Dec 4, 2022 1:21:54 PM[Yum 能耗监控] 注意! 插件 GroupManager 处理 PlayerJoinEvent 事件 耗时 113ms 平均耗时 113ms!
Dec 4, 2022 1:21:54 PM[Yum 能耗监控] 注意! 插件 Essentials 处理 PlayerTeleportEvent 事件 耗时 121ms 平均耗时 121ms!
Dec 4, 2022 1:21:55 PM[Yum 能耗监控] 注意! 插件 NeverLag 处理 ChunkLoadEvent 事件 耗时 24ms 平均耗时 24ms!
Dec 4, 2022 2:03:44 PM[Yum 能耗监控] 注意! 插件 PlaceholderAPI 处理 PlaceholderAPIPlugin$$Lambda$1536/1192011718 任务 耗时 21ms 平均耗时 21ms!
Dec 4, 2022 2:03:51 PM[Yum 能耗监控] 注意! 插件 ProtocolLib 处理 PlayerLoginEvent 事件 耗时 471ms 平均耗时 471ms!
Dec 4, 2022 2:03:54 PM[Yum 能耗监控] 注意! 插件 GroupManager 处理 PlayerJoinEvent 事件 耗时 133ms 平均耗时 133ms!
Dec 4, 2022 2:03:55 PM[Yum 能耗监控] 注意! 插件 Essentials 处理 PlayerTeleportEvent 事件 耗时 140ms 平均耗时 140ms!
Dec 4, 2022 2:16:56 PM[Yum 能耗监控] 注意! 插件 Yum 处理 pw.yumc.Yum.listeners.PluginListener$1 任务 耗时 22ms 平均耗时 22ms!
Dec 4, 2022 2:17:40 PM[Yum 能耗监控] 注意! 插件 ProtocolLib 处理 PlayerLoginEvent 事件 耗时 388ms 平均耗时 388ms!
Dec 4, 2022 2:17:44 PM[Yum 能耗监控] 注意! 插件 GroupManager 处理 PlayerJoinEvent 事件 耗时 106ms 平均耗时 106ms!
Dec 4, 2022 2:17:44 PM[Yum 能耗监控] 注意! 插件 Essentials 处理 PlayerTeleportEvent 事件 耗时 111ms 平均耗时 111ms!
Dec 4, 2022 2:33:11 PM[Yum 能耗监控] 注意! 插件 ProtocolLib 处理 PlayerLoginEvent 事件 耗时 340ms 平均耗时 340ms!
Dec 4, 2022 2:33:15 PM[Yum 能耗监控] 注意! 插件 GroupManager 处理 PlayerJoinEvent 事件 耗时 146ms 平均耗时 146ms!
Dec 4, 2022 2:33:15 PM[Yum 能耗监控] 注意! 插件 Essentials 处理 PlayerTeleportEvent 事件 耗时 136ms 平均耗时 136ms!
Dec 4, 2022 2:33:37 PM[Yum 能耗监控] 注意! 插件 Essentials 处理 BlockPlaceEvent 事件 耗时 61ms 平均耗时 61ms!
Dec 4, 2022 2:41:27 PM[Yum 能耗监控] 注意! 插件 NeverLag 处理 PlayerCommandPreprocessEvent 事件 耗时 437ms 平均耗时 54ms!
Dec 4, 2022 9:35:14 PM[Yum 能耗监控] 注意! 玩家 Pleiades 执行 Multiverse-Core 插件 mvrules  命令 耗时 27ms 平均耗时 27ms!
Dec 4, 2022 9:38:11 PM[Yum 能耗监控] 注意! 玩家 Pleiades 执行 EssentialsSpawn 插件 spawn  命令 耗时 58ms 平均耗时 21ms!
Dec 4, 2022 11:36:50 PM[Yum 能耗监控] 注意! 插件 ProtocolLib 处理 PlayerLoginEvent 事件 耗时 458ms 平均耗时 458ms!
Dec 4, 2022 11:36:54 PM[Yum 能耗监控] 注意! 插件 GroupManager 处理 PlayerJoinEvent 事件 耗时 130ms 平均耗时 130ms!
Dec 4, 2022 11:36:54 PM[Yum 能耗监控] 注意! 插件 Essentials 处理 PlayerTeleportEvent 事件 耗时 107ms 平均耗时 107ms!
Dec 5, 2022 5:06:52 AM[Yum 能耗监控] 注意! 插件 NeverLag 处理 jiongjionger.listener.MobFarmLimiter$1 任务 耗时 495ms 平均耗时 124ms!
Dec 5, 2022 10:26:44 AM[Yum 能耗监控] 注意! 插件 ProtocolLib 处理 PlayerLoginEvent 事件 耗时 413ms 平均耗时 413ms!
Dec 5, 2022 10:26:48 AM[Yum 能耗监控] 注意! 插件 GroupManager 处理 PlayerJoinEvent 事件 耗时 116ms 平均耗时 116ms!
Dec 5, 2022 10:26:48 AM[Yum 能耗监控] 注意! 插件 Essentials 处理 PlayerTeleportEvent 事件 耗时 176ms 平均耗时 176ms!
Dec 6, 2022 12:07:35 AM[Yum 能耗监控] 注意! 插件 ProtocolLib 处理 PlayerLoginEvent 事件 耗时 377ms 平均耗时 377ms!
Dec 6, 2022 12:07:38 AM[Yum 能耗监控] 注意! 插件 GroupManager 处理 PlayerJoinEvent 事件 耗时 113ms 平均耗时 113ms!
Dec 6, 2022 12:07:39 AM[Yum 能耗监控] 注意! 插件 Essentials 处理 PlayerTeleportEvent 事件 耗时 140ms 平均耗时 140ms!
Dec 6, 2022 12:09:11 AM[Yum 能耗监控] 注意! 插件 Essentials 处理 BlockPlaceEvent 事件 耗时 59ms 平均耗时 59ms!
Dec 6, 2022 10:01:51 AM[Yum 能耗监控] 注意! 插件 ProtocolLib 处理 PlayerLoginEvent 事件 耗时 313ms 平均耗时 313ms!
Dec 6, 2022 10:01:54 AM[Yum 能耗监控] 注意! 插件 GroupManager 处理 PlayerJoinEvent 事件 耗时 110ms 平均耗时 110ms!
Dec 6, 2022 10:01:54 AM[Yum 能耗监控] 注意! 插件 Essentials 处理 PlayerTeleportEvent 事件 耗时 139ms 平均耗时 139ms!
Dec 6, 2022 10:04:31 AM[Yum 能耗监控] 注意! 插件 Essentials 处理 BlockPlaceEvent 事件 耗时 74ms 平均耗时 74ms!
Dec 6, 2022 10:22:40 AM[Yum 能耗监控] 注意! 插件 ProtocolLib 处理 PlayerLoginEvent 事件 耗时 353ms 平均耗时 353ms!
Dec 6, 2022 10:22:43 AM[Yum 能耗监控] 注意! 插件 GroupManager 处理 PlayerJoinEvent 事件 耗时 111ms 平均耗时 111ms!
Dec 6, 2022 10:22:44 AM[Yum 能耗监控] 注意! 插件 Essentials 处理 PlayerTeleportEvent 事件 耗时 133ms 平均耗时 133ms!
Dec 6, 2022 3:33:52 PM[Yum 能耗监控] 注意! 玩家 Pleiades 执行 EssentialsSpawn 插件 setspawn  命令 耗时 39ms 平均耗时 39ms!
Dec 6, 2022 6:18:00 PM[Yum 能耗监控] 注意! 插件 Yum 处理 pw.yumc.Yum.listeners.PluginListener$1 任务 耗时 35ms 平均耗时 35ms!
Dec 6, 2022 6:18:00 PM[Yum 能耗监控] 注意! 插件 Yum 处理 pw.yumc.Yum.listeners.PluginListener$1 任务 耗时 29ms 平均耗时 29ms!
Dec 6, 2022 6:34:14 PM[Yum 能耗监控] 注意! 插件 ProtocolLib 处理 PlayerLoginEvent 事件 耗时 302ms 平均耗时 302ms!
Dec 6, 2022 6:34:18 PM[Yum 能耗监控] 注意! 插件 GroupManager 处理 PlayerJoinEvent 事件 耗时 108ms 平均耗时 108ms!
Dec 6, 2022 6:34:19 PM[Yum 能耗监控] 注意! 插件 Essentials 处理 PlayerTeleportEvent 事件 耗时 268ms 平均耗时 268ms!
Dec 6, 2022 6:38:29 PM[Yum 能耗监控] 注意! 插件 Essentials 处理 PlayerQuitEvent 事件 耗时 21ms 平均耗时 21ms!
Dec 6, 2022 7:51:05 PM[Yum 能耗监控] 注意! 插件 Essentials 处理 BlockPlaceEvent 事件 耗时 58ms 平均耗时 58ms!
Dec 7, 2022 10:24:48 AM[Yum 能耗监控] 注意! 插件 ProtocolLib 处理 PlayerLoginEvent 事件 耗时 381ms 平均耗时 381ms!
Dec 7, 2022 10:24:51 AM[Yum 能耗监控] 注意! 插件 GroupManager 处理 PlayerJoinEvent 事件 耗时 111ms 平均耗时 111ms!
Dec 7, 2022 10:24:52 AM[Yum 能耗监控] 注意! 插件 Essentials 处理 PlayerTeleportEvent 事件 耗时 198ms 平均耗时 198ms!
Dec 7, 2022 10:56:58 AM[Yum 能耗监控] 注意! 插件 Essentials 处理 BlockPlaceEvent 事件 耗时 74ms 平均耗时 74ms!
Dec 7, 2022 5:37:57 PM[Yum 能耗监控] 注意! 插件 GroupManager 处理 PlayerChangedWorldEvent 事件 耗时 56ms 平均耗时 56ms!
Dec 7, 2022 7:00:10 PM[Yum 能耗监控] 注意! 插件 GroupManager 处理 PlayerChangedWorldEvent 事件 耗时 23ms 平均耗时 29ms!
Dec 7, 2022 7:59:04 PM[Yum 能耗监控] 注意! 插件 ProtocolLib 处理 PlayerLoginEvent 事件 耗时 402ms 平均耗时 402ms!
Dec 7, 2022 7:59:08 PM[Yum 能耗监控] 注意! 插件 GroupManager 处理 PlayerJoinEvent 事件 耗时 112ms 平均耗时 112ms!
Dec 7, 2022 7:59:09 PM[Yum 能耗监控] 注意! 插件 Essentials 处理 PlayerTeleportEvent 事件 耗时 249ms 平均耗时 249ms!
Dec 8, 2022 5:04:47 AM[Yum 能耗监控] 注意! 插件 Yum 处理 pw.yumc.Yum.listeners.PluginListener$1 任务 耗时 27ms 平均耗时 27ms!
Dec 8, 2022 9:56:23 AM[Yum 能耗监控] 注意! 插件 ProtocolLib 处理 PlayerLoginEvent 事件 耗时 421ms 平均耗时 421ms!
Dec 8, 2022 9:56:26 AM[Yum 能耗监控] 注意! 插件 GroupManager 处理 PlayerJoinEvent 事件 耗时 109ms 平均耗时 109ms!
Dec 8, 2022 9:56:27 AM[Yum 能耗监控] 注意! 插件 Essentials 处理 PlayerTeleportEvent 事件 耗时 237ms 平均耗时 237ms!
Dec 8, 2022 10:50:51 AM[Yum 能耗监控] 注意! 插件 Essentials 处理 BlockPlaceEvent 事件 耗时 64ms 平均耗时 64ms!
Dec 9, 2022 9:19:11 AM[Yum 能耗监控] 注意! 插件 ProtocolLib 处理 PlayerLoginEvent 事件 耗时 401ms 平均耗时 401ms!
Dec 9, 2022 9:19:14 AM[Yum 能耗监控] 注意! 插件 GroupManager 处理 PlayerJoinEvent 事件 耗时 111ms 平均耗时 111ms!
Dec 9, 2022 9:19:14 AM[Yum 能耗监控] 注意! 插件 Multiverse-Core 处理 PlayerJoinEvent 事件 耗时 22ms 平均耗时 22ms!
Dec 9, 2022 9:19:15 AM[Yum 能耗监控] 注意! 插件 Essentials 处理 PlayerTeleportEvent 事件 耗时 258ms 平均耗时 258ms!
Dec 9, 2022 9:20:45 AM[Yum 能耗监控] 注意! 插件 Essentials 处理 BlockPlaceEvent 事件 耗时 79ms 平均耗时 79ms!
Dec 9, 2022 8:08:27 PM[Yum 能耗监控] 注意! 插件 GroupManager 处理 PlayerQuitEvent 事件 耗时 29ms 平均耗时 29ms!
Dec 9, 2022 9:23:03 PM[Yum 能耗监控] 注意! 插件 ProtocolLib 处理 PlayerLoginEvent 事件 耗时 289ms 平均耗时 289ms!
Dec 9, 2022 9:23:06 PM[Yum 能耗监控] 注意! 插件 GroupManager 处理 PlayerJoinEvent 事件 耗时 227ms 平均耗时 227ms!
Dec 9, 2022 9:23:06 PM[Yum 能耗监控] 注意! 插件 Multiverse-Core 处理 PlayerJoinEvent 事件 耗时 27ms 平均耗时 27ms!
Dec 9, 2022 9:23:06 PM[Yum 能耗监控] 注意! 插件 Essentials 处理 PlayerTeleportEvent 事件 耗时 178ms 平均耗时 178ms!
Dec 10, 2022 5:04:54 AM[Yum 能耗监控] 注意! 插件 PlaceholderAPI 处理 PlaceholderAPIPlugin$$Lambda$1538/583578810 任务 耗时 545ms 平均耗时 545ms!
Dec 10, 2022 11:14:51 AM[Yum 能耗监控] 注意! 插件 ProtocolLib 处理 PlayerLoginEvent 事件 耗时 407ms 平均耗时 407ms!
Dec 10, 2022 11:14:54 AM[Yum 能耗监控] 注意! 插件 GroupManager 处理 PlayerJoinEvent 事件 耗时 116ms 平均耗时 116ms!
Dec 10, 2022 11:14:55 AM[Yum 能耗监控] 注意! 插件 Essentials 处理 PlayerTeleportEvent 事件 耗时 219ms 平均耗时 219ms!
Dec 10, 2022 5:53:16 PM[Yum 能耗监控] 注意! 插件 Essentials 处理 BlockPlaceEvent 事件 耗时 56ms 平均耗时 56ms!
Dec 10, 2022 6:51:20 PM[Yum 能耗监控] 注意! 插件 Essentials 处理 PlayerDeathEvent 事件 耗时 42ms 平均耗时 42ms!
Dec 11, 2022 11:51:23 AM[Yum 能耗监控] 注意! 插件 ProtocolLib 处理 PlayerLoginEvent 事件 耗时 353ms 平均耗时 353ms!
Dec 11, 2022 11:51:27 AM[Yum 能耗监控] 注意! 插件 GroupManager 处理 PlayerJoinEvent 事件 耗时 107ms 平均耗时 107ms!
Dec 11, 2022 11:51:27 AM[Yum 能耗监控] 注意! 插件 Essentials 处理 PlayerTeleportEvent 事件 耗时 168ms 平均耗时 168ms!
Dec 11, 2022 11:59:28 AM[Yum 能耗监控] 注意! 插件 Essentials 处理 BlockPlaceEvent 事件 耗时 78ms 平均耗时 78ms!
Dec 11, 2022 3:14:51 PM[Yum 能耗监控] 注意! 插件 GroupManager 处理 PlayerChangedWorldEvent 事件 耗时 31ms 平均耗时 31ms!
Dec 11, 2022 3:19:32 PM[Yum 能耗监控] 注意! 插件 GroupManager 处理 PlayerChangedWorldEvent 事件 耗时 42ms 平均耗时 37ms!
Dec 11, 2022 3:57:20 PM[Yum 能耗监控] 注意! 玩家 Pleiades 执行 Essentials 插件 killall  命令 耗时 51ms 平均耗时 51ms!
Dec 11, 2022 3:57:28 PM[Yum 能耗监控] 注意! 玩家 Pleiades 执行 Essentials 插件 killall mosters 命令 耗时 124ms 平均耗时 87ms!
Dec 11, 2022 8:58:18 PM[Yum 能耗监控] 注意! 插件 GroupManager 处理 PlayerChangedWorldEvent 事件 耗时 43ms 平均耗时 39ms!
Dec 11, 2022 11:30:50 PM[Yum 能耗监控] 注意! 插件 GroupManager 处理 PlayerQuitEvent 事件 耗时 23ms 平均耗时 23ms!
Dec 12, 2022 6:49:54 AM[Yum 能耗监控] 注意! 插件 NeverLag 处理 jiongjionger.task.ClearItem$1 任务 耗时 416ms 平均耗时 60ms!
Dec 12, 2022 10:04:09 AM[Yum 能耗监控] 注意! 插件 ProtocolLib 处理 PlayerLoginEvent 事件 耗时 358ms 平均耗时 358ms!
Dec 12, 2022 10:04:12 AM[Yum 能耗监控] 注意! 插件 GroupManager 处理 PlayerJoinEvent 事件 耗时 124ms 平均耗时 124ms!
Dec 12, 2022 10:04:13 AM[Yum 能耗监控] 注意! 插件 Essentials 处理 PlayerTeleportEvent 事件 耗时 256ms 平均耗时 256ms!
Dec 12, 2022 10:06:53 AM[Yum 能耗监控] 注意! 插件 Essentials 处理 BlockPlaceEvent 事件 耗时 59ms 平均耗时 59ms!
Dec 13, 2022 10:09:26 AM[Yum 能耗监控] 注意! 插件 ProtocolLib 处理 PlayerLoginEvent 事件 耗时 304ms 平均耗时 304ms!
Dec 13, 2022 10:09:29 AM[Yum 能耗监控] 注意! 插件 GroupManager 处理 PlayerJoinEvent 事件 耗时 107ms 平均耗时 107ms!
Dec 13, 2022 10:09:30 AM[Yum 能耗监控] 注意! 插件 Essentials 处理 PlayerTeleportEvent 事件 耗时 284ms 平均耗时 284ms!
Dec 13, 2022 10:10:27 AM[Yum 能耗监控] 注意! 插件 Essentials 处理 BlockPlaceEvent 事件 耗时 77ms 平均耗时 77ms!
Dec 13, 2022 3:25:58 PM[Yum 能耗监控] 注意! 插件 Yum 处理 pw.yumc.Yum.listeners.PluginListener$1 任务 耗时 23ms 平均耗时 23ms!
Dec 13, 2022 3:28:30 PM[Yum 能耗监控] 注意! 插件 ProtocolLib 处理 PlayerLoginEvent 事件 耗时 344ms 平均耗时 344ms!
Dec 13, 2022 3:28:32 PM[Yum 能耗监控] 注意! 插件 GroupManager 处理 PlayerJoinEvent 事件 耗时 108ms 平均耗时 108ms!
Dec 13, 2022 3:28:33 PM[Yum 能耗监控] 注意! 插件 Essentials 处理 PlayerTeleportEvent 事件 耗时 287ms 平均耗时 287ms!
Dec 13, 2022 6:01:15 PM[Yum 能耗监控] 注意! 插件 Essentials 处理 BlockPlaceEvent 事件 耗时 62ms 平均耗时 62ms!
Dec 14, 2022 5:08:06 PM[Yum 能耗监控] 注意! 插件 ProtocolLib 处理 PlayerLoginEvent 事件 耗时 313ms 平均耗时 313ms!
Dec 14, 2022 5:08:09 PM[Yum 能耗监控] 注意! 插件 GroupManager 处理 PlayerJoinEvent 事件 耗时 106ms 平均耗时 106ms!
Dec 14, 2022 5:08:09 PM[Yum 能耗监控] 注意! 插件 Essentials 处理 PlayerTeleportEvent 事件 耗时 135ms 平均耗时 135ms!
Dec 14, 2022 5:09:41 PM[Yum 能耗监控] 注意! 插件 Essentials 处理 BlockPlaceEvent 事件 耗时 56ms 平均耗时 56ms!
Dec 14, 2022 6:03:45 PM[Yum 能耗监控] 注意! 插件 Essentials 处理 PlayerQuitEvent 事件 耗时 22ms 平均耗时 22ms!
Dec 15, 2022 5:04:49 AM[Yum 能耗监控] 注意! 插件 Yum 处理 pw.yumc.Yum.listeners.PluginListener$1 任务 耗时 25ms 平均耗时 25ms!
Dec 15, 2022 3:39:02 PM[Yum 能耗监控] 注意! 插件 ProtocolLib 处理 PlayerLoginEvent 事件 耗时 378ms 平均耗时 378ms!
Dec 15, 2022 3:39:06 PM[Yum 能耗监控] 注意! 插件 GroupManager 处理 PlayerJoinEvent 事件 耗时 103ms 平均耗时 103ms!
Dec 15, 2022 3:39:06 PM[Yum 能耗监控] 注意! 插件 Essentials 处理 PlayerTeleportEvent 事件 耗时 130ms 平均耗时 130ms!
Dec 15, 2022 4:00:56 PM[Yum 能耗监控] 注意! 插件 Essentials 处理 BlockPlaceEvent 事件 耗时 56ms 平均耗时 56ms!
Dec 16, 2022 7:55:06 PM[Yum 能耗监控] 注意! 插件 ProtocolLib 处理 PlayerLoginEvent 事件 耗时 466ms 平均耗时 466ms!
Dec 16, 2022 7:55:10 PM[Yum 能耗监控] 注意! 插件 GroupManager 处理 PlayerJoinEvent 事件 耗时 113ms 平均耗时 113ms!
Dec 16, 2022 7:55:10 PM[Yum 能耗监控] 注意! 插件 Essentials 处理 PlayerTeleportEvent 事件 耗时 324ms 平均耗时 324ms!
Dec 16, 2022 7:55:45 PM[Yum 能耗监控] 注意! 插件 Essentials 处理 BlockPlaceEvent 事件 耗时 62ms 平均耗时 62ms!
Dec 16, 2022 10:05:19 PM[Yum 能耗监控] 注意! 插件 GroupManager 处理 PlayerQuitEvent 事件 耗时 26ms 平均耗时 26ms!
Dec 17, 2022 10:45:57 AM[Yum 能耗监控] 注意! 插件 Yum 处理 pw.yumc.Yum.listeners.PluginListener$1 任务 耗时 28ms 平均耗时 28ms!
Dec 17, 2022 11:07:45 AM[Yum 能耗监控] 注意! 插件 ProtocolLib 处理 PlayerLoginEvent 事件 耗时 446ms 平均耗时 446ms!
Dec 17, 2022 11:07:49 AM[Yum 能耗监控] 注意! 插件 GroupManager 处理 PlayerJoinEvent 事件 耗时 153ms 平均耗时 153ms!
Dec 17, 2022 11:07:49 AM[Yum 能耗监控] 注意! 插件 Multiverse-Core 处理 PlayerJoinEvent 事件 耗时 21ms 平均耗时 21ms!
Dec 17, 2022 11:07:50 AM[Yum 能耗监控] 注意! 插件 Essentials 处理 PlayerTeleportEvent 事件 耗时 210ms 平均耗时 210ms!
Dec 17, 2022 11:08:26 AM[Yum 能耗监控] 注意! 插件 Essentials 处理 BlockPlaceEvent 事件 耗时 56ms 平均耗时 56ms!
Dec 17, 2022 2:06:09 PM[Yum 能耗监控] 注意! 插件 Essentials 处理 PlayerQuitEvent 事件 耗时 25ms 平均耗时 25ms!
Dec 18, 2022 11:32:19 AM[Yum 能耗监控] 注意! 插件 ProtocolLib 处理 PlayerLoginEvent 事件 耗时 481ms 平均耗时 481ms!
Dec 18, 2022 11:32:22 AM[Yum 能耗监控] 注意! 插件 GroupManager 处理 PlayerJoinEvent 事件 耗时 144ms 平均耗时 144ms!
Dec 18, 2022 11:32:23 AM[Yum 能耗监控] 注意! 插件 Essentials 处理 PlayerTeleportEvent 事件 耗时 201ms 平均耗时 201ms!
Dec 18, 2022 1:52:23 PM[Yum 能耗监控] 注意! 插件 ProtocolLib 处理 PlayerLoginEvent 事件 耗时 330ms 平均耗时 330ms!
Dec 18, 2022 1:52:26 PM[Yum 能耗监控] 注意! 插件 GroupManager 处理 PlayerJoinEvent 事件 耗时 119ms 平均耗时 119ms!
Dec 18, 2022 1:52:26 PM[Yum 能耗监控] 注意! 插件 Essentials 处理 PlayerTeleportEvent 事件 耗时 212ms 平均耗时 212ms!
Dec 18, 2022 2:36:56 PM[Yum 能耗监控] 注意! 插件 ProtocolLib 处理 PlayerLoginEvent 事件 耗时 300ms 平均耗时 300ms!
Dec 18, 2022 2:36:59 PM[Yum 能耗监控] 注意! 插件 GroupManager 处理 PlayerJoinEvent 事件 耗时 112ms 平均耗时 112ms!
Dec 18, 2022 2:37:00 PM[Yum 能耗监控] 注意! 插件 Essentials 处理 PlayerTeleportEvent 事件 耗时 276ms 平均耗时 276ms!
Dec 19, 2022 10:29:01 AM[Yum 能耗监控] 注意! 插件 ProtocolLib 处理 PlayerLoginEvent 事件 耗时 336ms 平均耗时 336ms!
Dec 19, 2022 10:29:04 AM[Yum 能耗监控] 注意! 插件 GroupManager 处理 PlayerJoinEvent 事件 耗时 100ms 平均耗时 100ms!
Dec 19, 2022 10:29:05 AM[Yum 能耗监控] 注意! 插件 Essentials 处理 PlayerTeleportEvent 事件 耗时 221ms 平均耗时 221ms!
Dec 20, 2022 10:04:05 AM[Yum 能耗监控] 注意! 插件 ProtocolLib 处理 PlayerLoginEvent 事件 耗时 344ms 平均耗时 344ms!
Dec 20, 2022 10:04:08 AM[Yum 能耗监控] 注意! 插件 GroupManager 处理 PlayerJoinEvent 事件 耗时 111ms 平均耗时 111ms!
Dec 20, 2022 10:04:08 AM[Yum 能耗监控] 注意! 插件 Essentials 处理 PlayerTeleportEvent 事件 耗时 214ms 平均耗时 214ms!
Dec 20, 2022 1:09:36 PM[Yum 能耗监控] 注意! 插件 GroupManager 处理 PlayerQuitEvent 事件 耗时 24ms 平均耗时 24ms!
Dec 21, 2022 10:33:31 AM[Yum 能耗监控] 注意! 插件 ProtocolLib 处理 PlayerLoginEvent 事件 耗时 445ms 平均耗时 445ms!
Dec 21, 2022 10:33:35 AM[Yum 能耗监控] 注意! 插件 GroupManager 处理 PlayerJoinEvent 事件 耗时 108ms 平均耗时 108ms!
Dec 21, 2022 10:33:35 AM[Yum 能耗监控] 注意! 插件 Essentials 处理 PlayerTeleportEvent 事件 耗时 139ms 平均耗时 139ms!
Dec 21, 2022 10:38:34 AM[Yum 能耗监控] 注意! 插件 Essentials 处理 BlockPlaceEvent 事件 耗时 61ms 平均耗时 61ms!
Dec 21, 2022 11:51:48 AM[Yum 能耗监控] 注意! 插件 Essentials 处理 PlayerQuitEvent 事件 耗时 32ms 平均耗时 32ms!
Dec 21, 2022 8:57:17 PM[Yum 能耗监控] 注意! 插件 Essentials 处理 PlayerQuitEvent 事件 耗时 23ms 平均耗时 27ms!
Dec 22, 2022 10:08:06 AM[Yum 能耗监控] 注意! 插件 ProtocolLib 处理 PlayerLoginEvent 事件 耗时 381ms 平均耗时 381ms!
Dec 22, 2022 10:08:10 AM[Yum 能耗监控] 注意! 插件 GroupManager 处理 PlayerJoinEvent 事件 耗时 109ms 平均耗时 109ms!
Dec 22, 2022 10:08:10 AM[Yum 能耗监控] 注意! 插件 Essentials 处理 PlayerTeleportEvent 事件 耗时 158ms 平均耗时 158ms!
Dec 22, 2022 7:31:44 PM[Yum 能耗监控] 注意! 插件 GroupManager 处理 PlayerQuitEvent 事件 耗时 21ms 平均耗时 21ms!
Dec 23, 2022 10:43:12 AM[Yum 能耗监控] 注意! 插件 ProtocolLib 处理 PlayerLoginEvent 事件 耗时 334ms 平均耗时 334ms!
Dec 23, 2022 10:43:16 AM[Yum 能耗监控] 注意! 插件 GroupManager 处理 PlayerJoinEvent 事件 耗时 118ms 平均耗时 118ms!
Dec 23, 2022 10:43:16 AM[Yum 能耗监控] 注意! 插件 Essentials 处理 PlayerTeleportEvent 事件 耗时 181ms 平均耗时 181ms!
Dec 23, 2022 7:02:43 PM[Yum 能耗监控] 注意! 插件 Essentials 处理 PlayerQuitEvent 事件 耗时 27ms 平均耗时 27ms!
Dec 23, 2022 8:30:37 PM[Yum 能耗监控] 注意! 插件 Essentials 处理 BlockPlaceEvent 事件 耗时 32ms 平均耗时 32ms!
Dec 24, 2022 5:04:50 AM[Yum 能耗监控] 注意! 插件 Yum 处理 pw.yumc.Yum.listeners.PluginListener$1 任务 耗时 21ms 平均耗时 21ms!
Dec 24, 2022 6:49:42 PM[Yum 能耗监控] 注意! 插件 ProtocolLib 处理 PlayerLoginEvent 事件 耗时 441ms 平均耗时 441ms!
Dec 24, 2022 6:49:45 PM[Yum 能耗监控] 注意! 插件 GroupManager 处理 PlayerJoinEvent 事件 耗时 103ms 平均耗时 103ms!
Dec 24, 2022 6:49:46 PM[Yum 能耗监控] 注意! 插件 Essentials 处理 PlayerTeleportEvent 事件 耗时 123ms 平均耗时 123ms!
Dec 24, 2022 7:02:55 PM[Yum 能耗监控] 注意! 插件 Essentials 处理 BlockPlaceEvent 事件 耗时 55ms 平均耗时 55ms!
Dec 24, 2022 7:54:24 PM[Yum 能耗监控] 注意! 插件 Essentials 处理 PlayerQuitEvent 事件 耗时 46ms 平均耗时 46ms!
Dec 24, 2022 11:08:30 PM[Yum 能耗监控] 注意! 插件 ProtocolLib 处理 PlayerLoginEvent 事件 耗时 314ms 平均耗时 314ms!
Dec 24, 2022 11:08:33 PM[Yum 能耗监控] 注意! 插件 GroupManager 处理 PlayerJoinEvent 事件 耗时 116ms 平均耗时 116ms!
Dec 24, 2022 11:08:33 PM[Yum 能耗监控] 注意! 插件 Essentials 处理 PlayerTeleportEvent 事件 耗时 147ms 平均耗时 147ms!
Dec 25, 2022 5:04:45 AM[Yum 能耗监控] 注意! 插件 Yum 处理 pw.yumc.Yum.listeners.PluginListener$1 任务 耗时 29ms 平均耗时 29ms!
Dec 25, 2022 10:59:01 AM[Yum 能耗监控] 注意! 插件 ProtocolLib 处理 PlayerLoginEvent 事件 耗时 346ms 平均耗时 346ms!
Dec 25, 2022 10:59:04 AM[Yum 能耗监控] 注意! 插件 GroupManager 处理 PlayerJoinEvent 事件 耗时 107ms 平均耗时 107ms!
Dec 25, 2022 10:59:05 AM[Yum 能耗监控] 注意! 插件 Essentials 处理 PlayerTeleportEvent 事件 耗时 174ms 平均耗时 174ms!
Dec 25, 2022 11:01:27 AM[Yum 能耗监控] 注意! 插件 Essentials 处理 BlockPlaceEvent 事件 耗时 70ms 平均耗时 70ms!
Dec 25, 2022 2:13:38 PM[Yum 能耗监控] 注意! 插件 Essentials 处理 PlayerQuitEvent 事件 耗时 33ms 平均耗时 33ms!
Dec 26, 2022 10:18:10 AM[Yum 能耗监控] 注意! 插件 ProtocolLib 处理 PlayerLoginEvent 事件 耗时 353ms 平均耗时 353ms!
Dec 26, 2022 10:18:13 AM[Yum 能耗监控] 注意! 插件 GroupManager 处理 PlayerJoinEvent 事件 耗时 107ms 平均耗时 107ms!
Dec 26, 2022 10:18:14 AM[Yum 能耗监控] 注意! 插件 Essentials 处理 PlayerTeleportEvent 事件 耗时 163ms 平均耗时 163ms!
Dec 26, 2022 10:21:40 AM[Yum 能耗监控] 注意! 插件 Essentials 处理 BlockPlaceEvent 事件 耗时 62ms 平均耗时 62ms!
Dec 26, 2022 6:08:51 PM[Yum 能耗监控] 注意! 插件 ProtocolLib 处理 PlayerLoginEvent 事件 耗时 322ms 平均耗时 322ms!
Dec 26, 2022 6:08:54 PM[Yum 能耗监控] 注意! 插件 GroupManager 处理 PlayerJoinEvent 事件 耗时 111ms 平均耗时 111ms!
Dec 26, 2022 6:08:54 PM[Yum 能耗监控] 注意! 插件 Essentials 处理 PlayerTeleportEvent 事件 耗时 222ms 平均耗时 222ms!
Dec 26, 2022 7:40:46 PM[Yum 能耗监控] 注意! 插件 Essentials 处理 BlockPlaceEvent 事件 耗时 62ms 平均耗时 62ms!
Dec 27, 2022 10:54:50 AM[Yum 能耗监控] 注意! 插件 ProtocolLib 处理 PlayerLoginEvent 事件 耗时 338ms 平均耗时 338ms!
Dec 27, 2022 10:54:53 AM[Yum 能耗监控] 注意! 插件 GroupManager 处理 PlayerJoinEvent 事件 耗时 105ms 平均耗时 105ms!
Dec 27, 2022 10:54:54 AM[Yum 能耗监控] 注意! 插件 Essentials 处理 PlayerTeleportEvent 事件 耗时 199ms 平均耗时 199ms!
Dec 27, 2022 10:57:06 AM[Yum 能耗监控] 注意! 插件 Essentials 处理 BlockPlaceEvent 事件 耗时 90ms 平均耗时 90ms!
Dec 27, 2022 1:05:42 PM[Yum 能耗监控] 注意! 插件 ProtocolLib 处理 PlayerLoginEvent 事件 耗时 333ms 平均耗时 333ms!
Dec 27, 2022 1:05:46 PM[Yum 能耗监控] 注意! 插件 GroupManager 处理 PlayerJoinEvent 事件 耗时 181ms 平均耗时 181ms!
Dec 27, 2022 1:05:46 PM[Yum 能耗监控] 注意! 插件 Multiverse-Core 处理 PlayerJoinEvent 事件 耗时 25ms 平均耗时 25ms!
Dec 27, 2022 1:05:46 PM[Yum 能耗监控] 注意! 插件 Essentials 处理 PlayerTeleportEvent 事件 耗时 199ms 平均耗时 199ms!
Dec 28, 2022 10:06:50 AM[Yum 能耗监控] 注意! 插件 ProtocolLib 处理 PlayerLoginEvent 事件 耗时 431ms 平均耗时 431ms!
Dec 28, 2022 10:06:54 AM[Yum 能耗监控] 注意! 插件 GroupManager 处理 PlayerJoinEvent 事件 耗时 121ms 平均耗时 121ms!
Dec 28, 2022 10:06:54 AM[Yum 能耗监控] 注意! 插件 Essentials 处理 PlayerTeleportEvent 事件 耗时 179ms 平均耗时 179ms!
Dec 28, 2022 10:23:01 AM[Yum 能耗监控] 注意! 插件 Essentials 处理 BlockPlaceEvent 事件 耗时 55ms 平均耗时 55ms!
Dec 28, 2022 9:36:43 PM[Yum 能耗监控] 注意! 插件 GroupManager 处理 PlayerChangedWorldEvent 事件 耗时 37ms 平均耗时 37ms!
Dec 29, 2022 10:41:20 AM[Yum 能耗监控] 注意! 插件 ProtocolLib 处理 PlayerLoginEvent 事件 耗时 364ms 平均耗时 364ms!
Dec 29, 2022 10:41:24 AM[Yum 能耗监控] 注意! 插件 GroupManager 处理 PlayerJoinEvent 事件 耗时 171ms 平均耗时 171ms!
Dec 29, 2022 10:41:24 AM[Yum 能耗监控] 注意! 插件 Multiverse-Core 处理 PlayerJoinEvent 事件 耗时 22ms 平均耗时 22ms!
Dec 29, 2022 10:41:24 AM[Yum 能耗监控] 注意! 插件 Essentials 处理 PlayerTeleportEvent 事件 耗时 123ms 平均耗时 123ms!
Dec 29, 2022 11:54:03 AM[Yum 能耗监控] 注意! 插件 Essentials 处理 BlockPlaceEvent 事件 耗时 80ms 平均耗时 80ms!
Dec 29, 2022 3:40:52 PM[Yum 能耗监控] 注意! 插件 GroupManager 处理 PlayerChangedWorldEvent 事件 耗时 49ms 平均耗时 49ms!
Dec 30, 2022 5:04:48 AM[Yum 能耗监控] 注意! 插件 Yum 处理 pw.yumc.Yum.listeners.PluginListener$1 任务 耗时 21ms 平均耗时 21ms!
Dec 30, 2022 10:15:18 AM[Yum 能耗监控] 注意! 插件 ProtocolLib 处理 PlayerLoginEvent 事件 耗时 317ms 平均耗时 317ms!
Dec 30, 2022 10:15:21 AM[Yum 能耗监控] 注意! 插件 GroupManager 处理 PlayerJoinEvent 事件 耗时 110ms 平均耗时 110ms!
Dec 30, 2022 10:15:22 AM[Yum 能耗监控] 注意! 插件 Essentials 处理 PlayerTeleportEvent 事件 耗时 234ms 平均耗时 234ms!
Dec 30, 2022 10:24:02 AM[Yum 能耗监控] 注意! 插件 Essentials 处理 BlockPlaceEvent 事件 耗时 54ms 平均耗时 54ms!
Dec 31, 2022 10:01:59 AM[Yum 能耗监控] 注意! 插件 ProtocolLib 处理 PlayerLoginEvent 事件 耗时 353ms 平均耗时 353ms!
Dec 31, 2022 10:02:03 AM[Yum 能耗监控] 注意! 插件 GroupManager 处理 PlayerJoinEvent 事件 耗时 105ms 平均耗时 105ms!
Dec 31, 2022 10:02:03 AM[Yum 能耗监控] 注意! 插件 Essentials 处理 PlayerTeleportEvent 事件 耗时 139ms 平均耗时 139ms!
Dec 31, 2022 10:17:46 AM[Yum 能耗监控] 注意! 插件 Essentials 处理 BlockPlaceEvent 事件 耗时 57ms 平均耗时 57ms!
Dec 31, 2022 12:10:03 PM[Yum 能耗监控] 注意! 插件 ProtocolLib 处理 PlayerLoginEvent 事件 耗时 319ms 平均耗时 319ms!
Dec 31, 2022 12:10:06 PM[Yum 能耗监控] 注意! 插件 GroupManager 处理 PlayerJoinEvent 事件 耗时 140ms 平均耗时 140ms!
Dec 31, 2022 12:10:07 PM[Yum 能耗监控] 注意! 插件 Essentials 处理 PlayerTeleportEvent 事件 耗时 250ms 平均耗时 250ms!
Dec 31, 2022 4:41:10 PM[Yum 能耗监控] 注意! 玩家 CONSOLE 执行 GroupManager 插件 manuadd  命令 耗时 96ms 平均耗时 96ms!
Dec 31, 2022 11:27:17 PM[Yum 能耗监控] 注意! 插件 Essentials 处理 BlockPlaceEvent 事件 耗时 55ms 平均耗时 55ms!
Jan 1, 2023 5:04:47 AM[Yum 能耗监控] 注意! 插件 Yum 处理 pw.yumc.Yum.listeners.PluginListener$1 任务 耗时 21ms 平均耗时 21ms!
Jan 1, 2023 9:47:16 AM[Yum 能耗监控] 注意! 插件 ProtocolLib 处理 PlayerLoginEvent 事件 耗时 307ms 平均耗时 307ms!
Jan 1, 2023 9:47:19 AM[Yum 能耗监控] 注意! 插件 GroupManager 处理 PlayerJoinEvent 事件 耗时 109ms 平均耗时 109ms!
Jan 1, 2023 9:47:20 AM[Yum 能耗监控] 注意! 插件 Essentials 处理 PlayerTeleportEvent 事件 耗时 133ms 平均耗时 133ms!
Jan 1, 2023 9:52:19 AM[Yum 能耗监控] 注意! 插件 Essentials 处理 BlockPlaceEvent 事件 耗时 55ms 平均耗时 55ms!
Jan 1, 2023 12:41:42 PM[Yum 能耗监控] 注意! 插件 ProtocolLib 处理 PlayerLoginEvent 事件 耗时 500ms 平均耗时 500ms!
Jan 1, 2023 12:41:47 PM[Yum 能耗监控] 注意! 插件 GroupManager 处理 PlayerJoinEvent 事件 耗时 114ms 平均耗时 114ms!
Jan 1, 2023 12:41:48 PM[Yum 能耗监控] 注意! 插件 Essentials 处理 PlayerTeleportEvent 事件 耗时 187ms 平均耗时 187ms!
Jan 1, 2023 12:44:00 PM[Yum 能耗监控] 注意! 插件 NeverLag 处理 BlockBreakEvent 事件 耗时 35ms 平均耗时 35ms!
Jan 1, 2023 12:44:27 PM[Yum 能耗监控] 注意! 插件 Essentials 处理 BlockPlaceEvent 事件 耗时 55ms 平均耗时 55ms!
Jan 1, 2023 4:35:31 PM[Yum 能耗监控] 注意! 插件 ProtocolLib 处理 PlayerLoginEvent 事件 耗时 347ms 平均耗时 347ms!
Jan 1, 2023 4:35:34 PM[Yum 能耗监控] 注意! 插件 GroupManager 处理 PlayerJoinEvent 事件 耗时 140ms 平均耗时 140ms!
Jan 1, 2023 4:35:35 PM[Yum 能耗监控] 注意! 插件 Essentials 处理 PlayerTeleportEvent 事件 耗时 162ms 平均耗时 162ms!
Jan 1, 2023 4:48:02 PM[Yum 能耗监控] 注意! 插件 Essentials 处理 BlockPlaceEvent 事件 耗时 57ms 平均耗时 57ms!
Jan 1, 2023 5:19:11 PM[Yum 能耗监控] 注意! 插件 ProtocolLib 处理 PlayerLoginEvent 事件 耗时 307ms 平均耗时 307ms!
Jan 1, 2023 5:19:15 PM[Yum 能耗监控] 注意! 插件 GroupManager 处理 PlayerJoinEvent 事件 耗时 156ms 平均耗时 156ms!
Jan 1, 2023 5:19:15 PM[Yum 能耗监控] 注意! 插件 Essentials 处理 PlayerTeleportEvent 事件 耗时 219ms 平均耗时 219ms!
Jan 1, 2023 6:36:21 PM[Yum 能耗监控] 注意! 插件 Essentials 处理 BlockMultiPlaceEvent 事件 耗时 55ms 平均耗时 55ms!
Jan 2, 2023 10:08:41 AM[Yum 能耗监控] 注意! 插件 ProtocolLib 处理 PlayerLoginEvent 事件 耗时 360ms 平均耗时 360ms!
Jan 2, 2023 10:08:44 AM[Yum 能耗监控] 注意! 插件 GroupManager 处理 PlayerJoinEvent 事件 耗时 114ms 平均耗时 114ms!
Jan 2, 2023 10:08:45 AM[Yum 能耗监控] 注意! 插件 Essentials 处理 PlayerTeleportEvent 事件 耗时 141ms 平均耗时 141ms!
Jan 2, 2023 10:16:43 AM[Yum 能耗监控] 注意! 插件 Essentials 处理 BlockPlaceEvent 事件 耗时 67ms 平均耗时 67ms!
Jan 2, 2023 10:53:37 AM[Yum 能耗监控] 注意! 玩家 CONSOLE 执行 Yum 插件 yum reload all 命令 耗时 15141ms 平均耗时 7571ms!
Jan 2, 2023 11:01:17 AM[Yum 能耗监控] 注意! 插件 ProtocolLib 处理 PlayerLoginEvent 事件 耗时 330ms 平均耗时 330ms!
Jan 2, 2023 11:01:20 AM[Yum 能耗监控] 注意! 插件 GroupManager 处理 PlayerJoinEvent 事件 耗时 107ms 平均耗时 107ms!
Jan 2, 2023 11:01:20 AM[Yum 能耗监控] 注意! 插件 Essentials 处理 PlayerTeleportEvent 事件 耗时 171ms 平均耗时 171ms!
Jan 2, 2023 11:02:44 AM[Yum 能耗监控] 注意! 玩家 CONSOLE 执行 ColorMOTD 插件 colormotd reload 命令 耗时 42ms 平均耗时 21ms!
Jan 2, 2023 11:03:57 AM[Yum 能耗监控] 注意! 玩家 CONSOLE 执行 ColorMOTD 插件 colormotd reload 命令 耗时 44ms 平均耗时 29ms!
Jan 2, 2023 11:04:30 AM[Yum 能耗监控] 注意! 玩家 CONSOLE 执行 ColorMOTD 插件 colormotd reload 命令 耗时 68ms 平均耗时 38ms!
Jan 2, 2023 11:04:42 AM[Yum 能耗监控] 注意! 玩家 CONSOLE 执行 ColorMOTD 插件 colormotd reload 命令 耗时 35ms 平均耗时 38ms!
Jan 2, 2023 11:05:03 AM[Yum 能耗监控] 注意! 玩家 CONSOLE 执行 ColorMOTD 插件 colormotd reload 命令 耗时 27ms 平均耗时 36ms!
Jan 2, 2023 11:05:15 AM[Yum 能耗监控] 注意! 玩家 CONSOLE 执行 ColorMOTD 插件 colormotd reload 命令 耗时 36ms 平均耗时 36ms!
Jan 2, 2023 11:05:21 AM[Yum 能耗监控] 注意! 玩家 CONSOLE 执行 ColorMOTD 插件 colormotd reload 命令 耗时 37ms 平均耗时 36ms!
Jan 2, 2023 11:10:56 AM[Yum 能耗监控] 注意! 玩家 CONSOLE 执行 ColorMOTD 插件 colormotd reload 命令 耗时 26ms 平均耗时 35ms!
Jan 2, 2023 11:12:17 AM[Yum 能耗监控] 注意! 玩家 CONSOLE 执行 ColorMOTD 插件 colormotd reload 命令 耗时 39ms 平均耗时 35ms!
Jan 2, 2023 11:12:49 AM[Yum 能耗监控] 注意! 玩家 CONSOLE 执行 ColorMOTD 插件 colormotd reload 命令 耗时 25ms 平均耗时 35ms!
Jan 2, 2023 11:14:50 AM[Yum 能耗监控] 注意! 玩家 CONSOLE 执行 ColorMOTD 插件 colormotd reload 命令 耗时 38ms 平均耗时 30ms!
Jan 2, 2023 11:14:50 AM[Yum 能耗监控] 注意! 玩家 CONSOLE 执行 ColorMOTD 插件 cmotdr  命令 耗时 40ms 平均耗时 40ms!
Jan 2, 2023 11:15:32 AM[Yum 能耗监控] 注意! 玩家 CONSOLE 执行 ColorMOTD 插件 colormotd reload 命令 耗时 24ms 平均耗时 30ms!
Jan 2, 2023 11:15:32 AM[Yum 能耗监控] 注意! 玩家 CONSOLE 执行 ColorMOTD 插件 cmotdr  命令 耗时 25ms 平均耗时 32ms!
Jan 2, 2023 11:19:02 AM[Yum 能耗监控] 注意! 玩家 CONSOLE 执行 ColorMOTD 插件 colormotd reload 命令 耗时 24ms 平均耗时 29ms!
Jan 2, 2023 11:19:02 AM[Yum 能耗监控] 注意! 玩家 CONSOLE 执行 ColorMOTD 插件 cmotdr  命令 耗时 25ms 平均耗时 30ms!
Jan 2, 2023 12:01:47 PM[Yum 能耗监控] 注意! 玩家 CONSOLE 执行 ColorMOTD 插件 colormotd reload 命令 耗时 40ms 平均耗时 30ms!
Jan 2, 2023 12:01:47 PM[Yum 能耗监控] 注意! 玩家 CONSOLE 执行 ColorMOTD 插件 cmotdr  命令 耗时 42ms 平均耗时 33ms!
Jan 2, 2023 12:02:28 PM[Yum 能耗监控] 注意! 玩家 CONSOLE 执行 ColorMOTD 插件 colormotd reload 命令 耗时 23ms 平均耗时 30ms!
Jan 2, 2023 12:02:28 PM[Yum 能耗监控] 注意! 玩家 CONSOLE 执行 ColorMOTD 插件 cmotdr  命令 耗时 24ms 平均耗时 31ms!
Jan 2, 2023 12:02:42 PM[Yum 能耗监控] 注意! 玩家 CONSOLE 执行 ColorMOTD 插件 colormotd reload 命令 耗时 23ms 平均耗时 29ms!
Jan 2, 2023 12:02:42 PM[Yum 能耗监控] 注意! 玩家 CONSOLE 执行 ColorMOTD 插件 cmotdr  命令 耗时 24ms 平均耗时 30ms!
Jan 2, 2023 12:05:53 PM[Yum 能耗监控] 注意! 玩家 CONSOLE 执行 ColorMOTD 插件 colormotd reload 命令 耗时 29ms 平均耗时 29ms!
Jan 2, 2023 12:05:53 PM[Yum 能耗监控] 注意! 玩家 CONSOLE 执行 ColorMOTD 插件 cmotdr  命令 耗时 30ms 平均耗时 30ms!
Jan 2, 2023 12:07:17 PM[Yum 能耗监控] 注意! 玩家 CONSOLE 执行 ColorMOTD 插件 colormotd reload 命令 耗时 23ms 平均耗时 29ms!
Jan 2, 2023 12:07:17 PM[Yum 能耗监控] 注意! 玩家 CONSOLE 执行 ColorMOTD 插件 cmotdr  命令 耗时 24ms 平均耗时 29ms!
Jan 2, 2023 12:07:41 PM[Yum 能耗监控] 注意! 玩家 CONSOLE 执行 ColorMOTD 插件 colormotd reload 命令 耗时 22ms 平均耗时 29ms!
Jan 2, 2023 12:07:41 PM[Yum 能耗监控] 注意! 玩家 CONSOLE 执行 ColorMOTD 插件 cmotdr  命令 耗时 24ms 平均耗时 29ms!
Jan 2, 2023 12:08:50 PM[Yum 能耗监控] 注意! 玩家 CONSOLE 执行 ColorMOTD 插件 colormotd reload 命令 耗时 24ms 平均耗时 29ms!
Jan 2, 2023 12:08:50 PM[Yum 能耗监控] 注意! 玩家 CONSOLE 执行 ColorMOTD 插件 cmotdr  命令 耗时 25ms 平均耗时 28ms!
Jan 2, 2023 12:09:20 PM[Yum 能耗监控] 注意! 玩家 CONSOLE 执行 ColorMOTD 插件 colormotd reload 命令 耗时 34ms 平均耗时 29ms!
Jan 2, 2023 12:09:20 PM[Yum 能耗监控] 注意! 玩家 CONSOLE 执行 ColorMOTD 插件 cmotdr  命令 耗时 35ms 平均耗时 29ms!
Jan 2, 2023 12:09:40 PM[Yum 能耗监控] 注意! 玩家 CONSOLE 执行 ColorMOTD 插件 colormotd reload 命令 耗时 34ms 平均耗时 29ms!
Jan 2, 2023 12:09:40 PM[Yum 能耗监控] 注意! 玩家 CONSOLE 执行 ColorMOTD 插件 cmotdr  命令 耗时 35ms 平均耗时 29ms!
Jan 2, 2023 12:10:57 PM[Yum 能耗监控] 注意! 玩家 CONSOLE 执行 ColorMOTD 插件 colormotd reload 命令 耗时 33ms 平均耗时 29ms!
Jan 2, 2023 12:10:57 PM[Yum 能耗监控] 注意! 玩家 CONSOLE 执行 ColorMOTD 插件 cmotdr  命令 耗时 34ms 平均耗时 30ms!
Jan 2, 2023 12:11:59 PM[Yum 能耗监控] 注意! 玩家 CONSOLE 执行 ColorMOTD 插件 colormotd reload 命令 耗时 35ms 平均耗时 29ms!
Jan 2, 2023 12:11:59 PM[Yum 能耗监控] 注意! 玩家 CONSOLE 执行 ColorMOTD 插件 cmotdr  命令 耗时 36ms 平均耗时 30ms!
Jan 2, 2023 12:12:30 PM[Yum 能耗监控] 注意! 玩家 CONSOLE 执行 ColorMOTD 插件 colormotd reload 命令 耗时 22ms 平均耗时 29ms!
Jan 2, 2023 12:12:30 PM[Yum 能耗监控] 注意! 玩家 CONSOLE 执行 ColorMOTD 插件 cmotdr  命令 耗时 23ms 平均耗时 30ms!
Jan 2, 2023 12:17:29 PM[Yum 能耗监控] 注意! 玩家 CONSOLE 执行 ColorMOTD 插件 colormotd reload 命令 耗时 50ms 平均耗时 30ms!
Jan 2, 2023 12:17:29 PM[Yum 能耗监控] 注意! 玩家 CONSOLE 执行 ColorMOTD 插件 cmotdr  命令 耗时 51ms 平均耗时 31ms!
Jan 2, 2023 12:31:57 PM[Yum 能耗监控] 注意! 插件 ProtocolLib 处理 PlayerLoginEvent 事件 耗时 286ms 平均耗时 286ms!
Jan 2, 2023 12:32:01 PM[Yum 能耗监控] 注意! 插件 GroupManager 处理 PlayerJoinEvent 事件 耗时 133ms 平均耗时 133ms!
Jan 2, 2023 12:32:01 PM[Yum 能耗监控] 注意! 插件 Essentials 处理 PlayerTeleportEvent 事件 耗时 206ms 平均耗时 206ms!
Jan 2, 2023 12:32:43 PM[Yum 能耗监控] 注意! 插件 Essentials 处理 BlockPlaceEvent 事件 耗时 73ms 平均耗时 73ms!
Jan 2, 2023 5:36:05 PM[Yum 能耗监控] 注意! 玩家 CONSOLE 执行 ColorMOTD 插件 colormotd reload 命令 耗时 93ms 平均耗时 93ms!
Jan 2, 2023 5:36:05 PM[Yum 能耗监控] 注意! 玩家 CONSOLE 执行 ColorMOTD 插件 cmotdr  命令 耗时 98ms 平均耗时 98ms!
Jan 2, 2023 5:36:46 PM[Yum 能耗监控] 注意! 玩家 CONSOLE 执行 ColorMOTD 插件 colormotd reload 命令 耗时 47ms 平均耗时 70ms!
Jan 2, 2023 5:36:46 PM[Yum 能耗监控] 注意! 玩家 CONSOLE 执行 ColorMOTD 插件 cmotdr  命令 耗时 48ms 平均耗时 73ms!
Jan 2, 2023 5:39:09 PM[Yum 能耗监控] 注意! 玩家 CONSOLE 执行 ColorMOTD 插件 colormotd reload 命令 耗时 37ms 平均耗时 59ms!
Jan 2, 2023 5:39:09 PM[Yum 能耗监控] 注意! 玩家 CONSOLE 执行 ColorMOTD 插件 cmotdr  命令 耗时 38ms 平均耗时 61ms!
Jan 2, 2023 5:39:31 PM[Yum 能耗监控] 注意! 玩家 CONSOLE 执行 ColorMOTD 插件 colormotd reload 命令 耗时 32ms 平均耗时 52ms!
Jan 2, 2023 5:39:31 PM[Yum 能耗监控] 注意! 玩家 CONSOLE 执行 ColorMOTD 插件 cmotdr  命令 耗时 33ms 平均耗时 54ms!
Jan 2, 2023 5:41:10 PM[Yum 能耗监控] 注意! 玩家 CONSOLE 执行 ColorMOTD 插件 colormotd reload 命令 耗时 45ms 平均耗时 51ms!
Jan 2, 2023 5:41:10 PM[Yum 能耗监控] 注意! 玩家 CONSOLE 执行 ColorMOTD 插件 cmotdr  命令 耗时 46ms 平均耗时 53ms!
Jan 2, 2023 5:41:40 PM[Yum 能耗监控] 注意! 玩家 CONSOLE 执行 ColorMOTD 插件 colormotd reload 命令 耗时 25ms 平均耗时 47ms!
Jan 2, 2023 5:41:40 PM[Yum 能耗监控] 注意! 玩家 CONSOLE 执行 ColorMOTD 插件 cmotdr  命令 耗时 26ms 平均耗时 48ms!
Jan 2, 2023 5:52:31 PM[Yum 能耗监控] 注意! 插件 ProtocolLib 处理 PlayerLoginEvent 事件 耗时 333ms 平均耗时 333ms!
Jan 2, 2023 5:52:34 PM[Yum 能耗监控] 注意! 插件 GroupManager 处理 PlayerJoinEvent 事件 耗时 104ms 平均耗时 104ms!
Jan 2, 2023 5:52:35 PM[Yum 能耗监控] 注意! 插件 Essentials 处理 PlayerTeleportEvent 事件 耗时 184ms 平均耗时 184ms!
Jan 2, 2023 6:33:27 PM[Yum 能耗监控] 注意! 玩家 CONSOLE 执行 ColorMOTD 插件 colormotd reload 命令 耗时 42ms 平均耗时 46ms!
Jan 2, 2023 6:33:27 PM[Yum 能耗监控] 注意! 玩家 CONSOLE 执行 ColorMOTD 插件 cmotdr  命令 耗时 43ms 平均耗时 47ms!
Jan 2, 2023 7:31:46 PM[Yum 能耗监控] 注意! 玩家 CONSOLE 执行 ColorMOTD 插件 colormotd reload 命令 耗时 35ms 平均耗时 44ms!
Jan 2, 2023 7:31:46 PM[Yum 能耗监控] 注意! 玩家 CONSOLE 执行 ColorMOTD 插件 cmotdr  命令 耗时 36ms 平均耗时 46ms!
Jan 3, 2023 10:29:24 AM[Yum 能耗监控] 注意! 插件 ProtocolLib 处理 PlayerLoginEvent 事件 耗时 331ms 平均耗时 331ms!
Jan 3, 2023 10:29:28 AM[Yum 能耗监控] 注意! 插件 GroupManager 处理 PlayerJoinEvent 事件 耗时 116ms 平均耗时 116ms!
Jan 3, 2023 10:29:28 AM[Yum 能耗监控] 注意! 插件 Essentials 处理 PlayerTeleportEvent 事件 耗时 201ms 平均耗时 201ms!
Jan 3, 2023 10:40:51 AM[Yum 能耗监控] 注意! 插件 Essentials 处理 BlockPlaceEvent 事件 耗时 55ms 平均耗时 55ms!
Jan 4, 2023 9:42:20 AM[Yum 能耗监控] 注意! 插件 ProtocolLib 处理 PlayerLoginEvent 事件 耗时 312ms 平均耗时 312ms!
Jan 4, 2023 9:42:24 AM[Yum 能耗监控] 注意! 插件 GroupManager 处理 PlayerJoinEvent 事件 耗时 106ms 平均耗时 106ms!
Jan 4, 2023 9:42:24 AM[Yum 能耗监控] 注意! 插件 Essentials 处理 PlayerTeleportEvent 事件 耗时 225ms 平均耗时 225ms!
Jan 5, 2023 10:21:11 AM[Yum 能耗监控] 注意! 插件 ProtocolLib 处理 PlayerLoginEvent 事件 耗时 355ms 平均耗时 355ms!
Jan 5, 2023 10:21:15 AM[Yum 能耗监控] 注意! 插件 GroupManager 处理 PlayerJoinEvent 事件 耗时 157ms 平均耗时 157ms!
Jan 5, 2023 10:21:15 AM[Yum 能耗监控] 注意! 插件 Essentials 处理 PlayerTeleportEvent 事件 耗时 130ms 平均耗时 130ms!
Jan 5, 2023 10:47:18 AM[Yum 能耗监控] 注意! 插件 Essentials 处理 BlockPlaceEvent 事件 耗时 64ms 平均耗时 64ms!
Jan 6, 2023 10:35:22 AM[Yum 能耗监控] 注意! 插件 ProtocolLib 处理 PlayerLoginEvent 事件 耗时 301ms 平均耗时 301ms!
Jan 6, 2023 10:35:25 AM[Yum 能耗监控] 注意! 插件 GroupManager 处理 PlayerJoinEvent 事件 耗时 114ms 平均耗时 114ms!
Jan 6, 2023 10:35:25 AM[Yum 能耗监控] 注意! 插件 Multiverse-Core 处理 PlayerJoinEvent 事件 耗时 25ms 平均耗时 25ms!
Jan 6, 2023 10:35:26 AM[Yum 能耗监控] 注意! 插件 Essentials 处理 PlayerTeleportEvent 事件 耗时 161ms 平均耗时 161ms!
Jan 6, 2023 11:35:48 AM[Yum 能耗监控] 注意! 插件 Essentials 处理 BlockPlaceEvent 事件 耗时 75ms 平均耗时 75ms!
Jan 6, 2023 5:47:16 PM[Yum 能耗监控] 注意! 插件 ProtocolLib 处理 PlayerLoginEvent 事件 耗时 315ms 平均耗时 315ms!
Jan 6, 2023 5:47:20 PM[Yum 能耗监控] 注意! 插件 GroupManager 处理 PlayerJoinEvent 事件 耗时 139ms 平均耗时 139ms!
Jan 6, 2023 5:47:20 PM[Yum 能耗监控] 注意! 插件 Multiverse-Core 处理 PlayerJoinEvent 事件 耗时 21ms 平均耗时 21ms!
Jan 6, 2023 5:47:21 PM[Yum 能耗监控] 注意! 插件 Essentials 处理 PlayerTeleportEvent 事件 耗时 241ms 平均耗时 241ms!
