May 24, 2021 3:01:50 PM[Yum 事件监控] 插件 LuckPerms 处理 AsyncPlayerPreLoginEvent 事件时发生异常!
May 24, 2021 3:01:50 PM异常名称: java.lang.NullPointerException
May 24, 2021 3:01:50 PM异常说明: null
May 24, 2021 3:01:50 PM简易错误信息如下:
May 24, 2021 3:01:50 PM    位于 me.lucko.luckperms.bukkit.listeners.BukkitConnectionListener.onPlayerPreLogin(BukkitConnectionListener.java:126)
May 24, 2021 3:01:50 PM    位于 com.destroystokyo.paper.event.executor.asm.generated.GeneratedEventExecutor13.execute(未知:-1)
May 24, 2021 3:01:50 PM    位于 org.bukkit.plugin.EventExecutor.lambda$create$1(EventExecutor.java:61)
May 24, 2021 3:01:50 PM    位于 co.aikar.timings.TimedEventExecutor.execute(TimedEventExecutor.java:73)
May 24, 2021 3:01:50 PM    位于 pw.yumc.Yum.inject.ListenerInjector.execute(ListenerInjector.java:106)
May 24, 2021 3:20:53 PM[Yum 事件监控] 插件 LuckPerms 处理 AsyncPlayerPreLoginEvent 事件时发生异常!
May 24, 2021 3:20:53 PM异常名称: java.lang.NullPointerException
May 24, 2021 3:20:53 PM异常说明: null
May 24, 2021 3:20:53 PM简易错误信息如下:
May 24, 2021 3:20:53 PM    位于 me.lucko.luckperms.bukkit.listeners.BukkitConnectionListener.onPlayerPreLogin(BukkitConnectionListener.java:126)
May 24, 2021 3:20:53 PM    位于 com.destroystokyo.paper.event.executor.asm.generated.GeneratedEventExecutor13.execute(未知:-1)
May 24, 2021 3:20:53 PM    位于 org.bukkit.plugin.EventExecutor.lambda$create$1(EventExecutor.java:61)
May 24, 2021 3:20:53 PM    位于 co.aikar.timings.TimedEventExecutor.execute(TimedEventExecutor.java:73)
May 24, 2021 3:20:53 PM    位于 pw.yumc.Yum.inject.ListenerInjector.execute(ListenerInjector.java:106)
Dec 2, 2022 6:47:34 PM[Yum 事件监控] 插件 Multiverse-Core 处理 AsyncPlayerChatEvent 事件时发生异常!
Dec 2, 2022 6:47:34 PM异常名称: java.util.UnknownFormatConversionException
Dec 2, 2022 6:47:34 PM异常说明: Conversion = 'ti'
Dec 2, 2022 6:47:34 PM简易错误信息如下:
Dec 2, 2022 6:47:34 PM    位于 org.bukkit.event.player.AsyncPlayerChatEvent.setFormat(AsyncPlayerChatEvent.java:103)
Dec 2, 2022 6:47:34 PM    位于 com.onarandombox.MultiverseCore.listeners.AsyncChatEvent.setFormat(AsyncChatEvent.java:28)
Dec 2, 2022 6:47:34 PM    位于 com.onarandombox.MultiverseCore.listeners.MVChatListener.playerChat(MVChatListener.java:56)
Dec 2, 2022 6:47:34 PM    位于 com.onarandombox.MultiverseCore.listeners.MVAsyncPlayerChatListener.playerChat(MVAsyncPlayerChatListener.java:32)
Dec 2, 2022 6:47:34 PM    位于 com.destroystokyo.paper.event.executor.asm.generated.GeneratedEventExecutor48.execute(未知:-1)
Dec 2, 2022 10:43:32 PM[Yum 事件监控] 插件 Essentials 处理 StandardPaperServerListPingEventImpl 事件时发生异常!
Dec 2, 2022 10:43:32 PM异常名称: java.lang.NullPointerException
Dec 2, 2022 10:43:32 PM异常说明: null
Dec 2, 2022 10:43:32 PM简易错误信息如下:
Dec 2, 2022 10:43:32 PM    位于 pw.yumc.Yum.inject.ListenerInjector.execute(ListenerInjector.java:94)
Dec 2, 2022 10:43:32 PM    位于 org.bukkit.plugin.RegisteredListener.callEvent(RegisteredListener.java:66)
Dec 2, 2022 10:43:32 PM    位于 org.bukkit.plugin.SimplePluginManager.callEvent(SimplePluginManager.java:484)
Dec 2, 2022 10:43:32 PM    位于 com.destroystokyo.paper.network.StandardPaperServerListPingEventImpl.processRequest(StandardPaperServerListPingEventImpl.java:32)
Dec 2, 2022 10:43:32 PM    位于 net.minecraft.server.network.NetHandlerStatusServer.func_147312_a(NetHandlerStatusServer.java:47)
Dec 11, 2022 11:48:33 AM[Yum 事件监控] 插件 Essentials 处理 StandardPaperServerListPingEventImpl 事件时发生异常!
Dec 11, 2022 11:48:33 AM[Yum 事件监控] 插件 Essentials 处理 StandardPaperServerListPingEventImpl 事件时发生异常!
Dec 11, 2022 11:48:33 AM异常名称: java.lang.NullPointerException
Dec 11, 2022 11:48:33 AM异常名称: java.lang.NullPointerException
Dec 11, 2022 11:48:33 AM异常说明: null
Dec 11, 2022 11:48:33 AM简易错误信息如下:
Dec 11, 2022 11:48:33 AM异常说明: null
Dec 11, 2022 11:48:33 AM    位于 pw.yumc.Yum.inject.ListenerInjector.execute(ListenerInjector.java:94)
Dec 11, 2022 11:48:33 AM    位于 org.bukkit.plugin.RegisteredListener.callEvent(RegisteredListener.java:66)
Dec 11, 2022 11:48:33 AM    位于 org.bukkit.plugin.SimplePluginManager.callEvent(SimplePluginManager.java:484)
Dec 11, 2022 11:48:33 AM    位于 com.destroystokyo.paper.network.StandardPaperServerListPingEventImpl.processRequest(StandardPaperServerListPingEventImpl.java:32)
Dec 11, 2022 11:48:33 AM    位于 net.minecraft.server.network.NetHandlerStatusServer.func_147312_a(NetHandlerStatusServer.java:47)
Dec 11, 2022 11:48:33 AM简易错误信息如下:
Dec 11, 2022 11:48:33 AM    位于 pw.yumc.Yum.inject.ListenerInjector.execute(ListenerInjector.java:94)
Dec 11, 2022 11:48:33 AM    位于 org.bukkit.plugin.RegisteredListener.callEvent(RegisteredListener.java:66)
Dec 11, 2022 11:48:33 AM    位于 org.bukkit.plugin.SimplePluginManager.callEvent(SimplePluginManager.java:484)
Dec 11, 2022 11:48:33 AM    位于 com.destroystokyo.paper.network.StandardPaperServerListPingEventImpl.processRequest(StandardPaperServerListPingEventImpl.java:32)
Dec 11, 2022 11:48:33 AM    位于 net.minecraft.server.network.NetHandlerStatusServer.func_147312_a(NetHandlerStatusServer.java:47)
Dec 13, 2022 10:09:01 AM[Yum 事件监控] 插件 Essentials 处理 StandardPaperServerListPingEventImpl 事件时发生异常!
Dec 13, 2022 10:09:01 AM异常名称: java.lang.NullPointerException
Dec 13, 2022 10:09:01 AM异常说明: null
Dec 13, 2022 10:09:01 AM简易错误信息如下:
Dec 13, 2022 10:09:01 AM    位于 pw.yumc.Yum.inject.ListenerInjector.execute(ListenerInjector.java:94)
Dec 13, 2022 10:09:01 AM    位于 org.bukkit.plugin.RegisteredListener.callEvent(RegisteredListener.java:66)
Dec 13, 2022 10:09:01 AM    位于 org.bukkit.plugin.SimplePluginManager.callEvent(SimplePluginManager.java:484)
Dec 13, 2022 10:09:01 AM    位于 com.destroystokyo.paper.network.StandardPaperServerListPingEventImpl.processRequest(StandardPaperServerListPingEventImpl.java:32)
Dec 13, 2022 10:09:01 AM    位于 net.minecraft.server.network.NetHandlerStatusServer.func_147312_a(NetHandlerStatusServer.java:47)
